0 info it worked if it ends with ok
1 verbose cli [ 'C:\\Program Files\\nodejs\\node.exe',
1 verbose cli   'C:\\Program Files\\nodejs\\node_modules\\npm\\bin\\npm-cli.js',
1 verbose cli   'install' ]
2 info using npm@3.10.8
3 info using node@v6.9.1
4 silly loadCurrentTree Starting
5 silly install loadCurrentTree
6 silly install readLocalPackageData
7 silly install normalizeTree
8 silly loadCurrentTree Finishing
9 silly loadIdealTree Starting
10 silly install loadIdealTree
11 silly cloneCurrentTree Starting
12 silly install cloneCurrentTreeToIdealTree
13 silly cloneCurrentTree Finishing
14 silly loadShrinkwrap Starting
15 silly install loadShrinkwrap
16 silly loadShrinkwrap Finishing
17 silly loadAllDepsIntoIdealTree Starting
18 silly install loadAllDepsIntoIdealTree
19 silly fetchNamedPackageData bcrypt
20 silly mapToRegistry name bcrypt
21 silly mapToRegistry using default registry
22 silly mapToRegistry registry https://registry.npmjs.org/
23 silly mapToRegistry data Result {
23 silly mapToRegistry   raw: 'bcrypt',
23 silly mapToRegistry   scope: null,
23 silly mapToRegistry   escapedName: 'bcrypt',
23 silly mapToRegistry   name: 'bcrypt',
23 silly mapToRegistry   rawSpec: '',
23 silly mapToRegistry   spec: 'latest',
23 silly mapToRegistry   type: 'tag' }
24 silly mapToRegistry uri https://registry.npmjs.org/bcrypt
25 verbose request uri https://registry.npmjs.org/bcrypt
26 verbose request no auth needed
27 info attempt registry request try #1 at 4:54:51 PM
28 verbose request id 2a6db8dc7b42df98
29 http request GET https://registry.npmjs.org/bcrypt
30 http 200 https://registry.npmjs.org/bcrypt
31 verbose headers { server: 'nginx/1.10.1',
31 verbose headers   'content-type': 'application/json',
31 verbose headers   'last-modified': 'Wed, 23 Nov 2016 22:24:44 GMT',
31 verbose headers   etag: 'W/"5836172c-14291"',
31 verbose headers   'content-encoding': 'gzip',
31 verbose headers   'cache-control': 'max-age=300',
31 verbose headers   'content-length': '9968',
31 verbose headers   'accept-ranges': 'bytes',
31 verbose headers   date: 'Thu, 24 Nov 2016 00:54:51 GMT',
31 verbose headers   via: '1.1 varnish',
31 verbose headers   age: '0',
31 verbose headers   connection: 'keep-alive',
31 verbose headers   'x-served-by': 'cache-sea1924-SEA',
31 verbose headers   'x-cache': 'HIT',
31 verbose headers   'x-cache-hits': '1',
31 verbose headers   'x-timer': 'S1479948891.427643,VS0,VE7',
31 verbose headers   vary: 'Accept-Encoding' }
32 silly get cb [ 200,
32 silly get   { server: 'nginx/1.10.1',
32 silly get     'content-type': 'application/json',
32 silly get     'last-modified': 'Wed, 23 Nov 2016 22:24:44 GMT',
32 silly get     etag: 'W/"5836172c-14291"',
32 silly get     'content-encoding': 'gzip',
32 silly get     'cache-control': 'max-age=300',
32 silly get     'content-length': '9968',
32 silly get     'accept-ranges': 'bytes',
32 silly get     date: 'Thu, 24 Nov 2016 00:54:51 GMT',
32 silly get     via: '1.1 varnish',
32 silly get     age: '0',
32 silly get     connection: 'keep-alive',
32 silly get     'x-served-by': 'cache-sea1924-SEA',
32 silly get     'x-cache': 'HIT',
32 silly get     'x-cache-hits': '1',
32 silly get     'x-timer': 'S1479948891.427643,VS0,VE7',
32 silly get     vary: 'Accept-Encoding' } ]
33 verbose get saving bcrypt to C:\Users\Varun\AppData\Roaming\npm-cache\registry.npmjs.org\bcrypt\.cache.json
34 verbose correctMkdir C:\Users\Varun\AppData\Roaming\npm-cache correctMkdir not in flight; initializing
35 silly resolveWithNewModule bcrypt@0.8.7 checking installable status
36 silly cache add args [ 'bcrypt@^0.8.1', null ]
37 verbose cache add spec bcrypt@^0.8.1
38 silly cache add parsed spec Result {
38 silly cache add   raw: 'bcrypt@^0.8.1',
38 silly cache add   scope: null,
38 silly cache add   escapedName: 'bcrypt',
38 silly cache add   name: 'bcrypt',
38 silly cache add   rawSpec: '^0.8.1',
38 silly cache add   spec: '>=0.8.1 <0.9.0',
38 silly cache add   type: 'range' }
39 silly addNamed bcrypt@>=0.8.1 <0.9.0
40 verbose addNamed ">=0.8.1 <0.9.0" is a valid semver range for bcrypt
41 silly addNameRange { name: 'bcrypt', range: '>=0.8.1 <0.9.0', hasData: false }
42 silly mapToRegistry name bcrypt
43 silly mapToRegistry using default registry
44 silly mapToRegistry registry https://registry.npmjs.org/
45 silly mapToRegistry data Result {
45 silly mapToRegistry   raw: 'bcrypt',
45 silly mapToRegistry   scope: null,
45 silly mapToRegistry   escapedName: 'bcrypt',
45 silly mapToRegistry   name: 'bcrypt',
45 silly mapToRegistry   rawSpec: '',
45 silly mapToRegistry   spec: 'latest',
45 silly mapToRegistry   type: 'tag' }
46 silly mapToRegistry uri https://registry.npmjs.org/bcrypt
47 verbose addNameRange registry:https://registry.npmjs.org/bcrypt not in flight; fetching
48 verbose get https://registry.npmjs.org/bcrypt not expired, no request
49 silly addNameRange number 2 { name: 'bcrypt', range: '>=0.8.1 <0.9.0', hasData: true }
50 silly addNameRange versions [ 'bcrypt',
50 silly addNameRange   [ '0.1.2',
50 silly addNameRange     '0.2.0',
50 silly addNameRange     '0.2.1',
50 silly addNameRange     '0.1.3',
50 silly addNameRange     '0.2.2',
50 silly addNameRange     '0.2.3',
50 silly addNameRange     '0.2.4',
50 silly addNameRange     '0.3.0',
50 silly addNameRange     '0.3.1',
50 silly addNameRange     '0.3.2',
50 silly addNameRange     '0.4.0',
50 silly addNameRange     '0.4.1',
50 silly addNameRange     '0.5.0',
50 silly addNameRange     '0.6.0',
50 silly addNameRange     '0.7.0',
50 silly addNameRange     '0.7.1',
50 silly addNameRange     '0.7.2',
50 silly addNameRange     '0.7.3',
50 silly addNameRange     '0.7.4',
50 silly addNameRange     '0.7.5',
50 silly addNameRange     '0.7.6',
50 silly addNameRange     '0.7.7',
50 silly addNameRange     '0.7.8',
50 silly addNameRange     '0.8.0',
50 silly addNameRange     '0.8.1',
50 silly addNameRange     '0.8.2',
50 silly addNameRange     '0.8.3',
50 silly addNameRange     '0.8.4',
50 silly addNameRange     '0.8.5',
50 silly addNameRange     '0.8.6',
50 silly addNameRange     '0.8.7' ] ]
51 silly addNamed bcrypt@0.8.7
52 verbose addNamed "0.8.7" is a plain semver version for bcrypt
53 silly mapToRegistry name bcrypt
54 silly mapToRegistry using default registry
55 silly mapToRegistry registry https://registry.npmjs.org/
56 silly mapToRegistry data Result {
56 silly mapToRegistry   raw: 'bcrypt',
56 silly mapToRegistry   scope: null,
56 silly mapToRegistry   escapedName: 'bcrypt',
56 silly mapToRegistry   name: 'bcrypt',
56 silly mapToRegistry   rawSpec: '',
56 silly mapToRegistry   spec: 'latest',
56 silly mapToRegistry   type: 'tag' }
57 silly mapToRegistry uri https://registry.npmjs.org/bcrypt
58 verbose addRemoteTarball https://registry.npmjs.org/bcrypt/-/bcrypt-0.8.7.tgz not in flight; adding
59 verbose addRemoteTarball [ 'https://registry.npmjs.org/bcrypt/-/bcrypt-0.8.7.tgz',
59 verbose addRemoteTarball   'bc3875a9afd0a7b2cd231a6a7f218a5ce156b093' ]
60 info retry fetch attempt 1 at 4:54:52 PM
61 info attempt registry request try #1 at 4:54:52 PM
62 http fetch GET https://registry.npmjs.org/bcrypt/-/bcrypt-0.8.7.tgz
63 http fetch 200 https://registry.npmjs.org/bcrypt/-/bcrypt-0.8.7.tgz
64 silly fetchAndShaCheck shasum bc3875a9afd0a7b2cd231a6a7f218a5ce156b093
65 verbose addTmpTarball C:\Users\Varun\AppData\Local\Temp\npm-404-33160a64\registry.npmjs.org\bcrypt\-\bcrypt-0.8.7.tgz not in flight; adding
66 verbose addTmpTarball already have metadata; skipping unpack for bcrypt@0.8.7
67 verbose correctMkdir C:\Users\Varun\AppData\Roaming\npm-cache correctMkdir not in flight; initializing
68 silly cache afterAdd bcrypt@0.8.7
69 verbose afterAdd C:\Users\Varun\AppData\Roaming\npm-cache\bcrypt\0.8.7\package\package.json not in flight; writing
70 verbose correctMkdir C:\Users\Varun\AppData\Roaming\npm-cache correctMkdir not in flight; initializing
71 verbose afterAdd C:\Users\Varun\AppData\Roaming\npm-cache\bcrypt\0.8.7\package\package.json written
72 silly fetchNamedPackageData bindings
73 silly mapToRegistry name bindings
74 silly mapToRegistry using default registry
75 silly mapToRegistry registry https://registry.npmjs.org/
76 silly mapToRegistry data Result {
76 silly mapToRegistry   raw: 'bindings',
76 silly mapToRegistry   scope: null,
76 silly mapToRegistry   escapedName: 'bindings',
76 silly mapToRegistry   name: 'bindings',
76 silly mapToRegistry   rawSpec: '',
76 silly mapToRegistry   spec: 'latest',
76 silly mapToRegistry   type: 'tag' }
77 silly mapToRegistry uri https://registry.npmjs.org/bindings
78 silly fetchNamedPackageData nan
79 silly mapToRegistry name nan
80 silly mapToRegistry using default registry
81 silly mapToRegistry registry https://registry.npmjs.org/
82 silly mapToRegistry data Result {
82 silly mapToRegistry   raw: 'nan',
82 silly mapToRegistry   scope: null,
82 silly mapToRegistry   escapedName: 'nan',
82 silly mapToRegistry   name: 'nan',
82 silly mapToRegistry   rawSpec: '',
82 silly mapToRegistry   spec: 'latest',
82 silly mapToRegistry   type: 'tag' }
83 silly mapToRegistry uri https://registry.npmjs.org/nan
84 verbose request uri https://registry.npmjs.org/bindings
85 verbose request no auth needed
86 info attempt registry request try #1 at 4:54:52 PM
87 http request GET https://registry.npmjs.org/bindings
88 http 200 https://registry.npmjs.org/bindings
89 verbose headers { server: 'nginx/1.10.1',
89 verbose headers   'content-type': 'application/json',
89 verbose headers   'last-modified': 'Tue, 18 Oct 2016 15:54:59 GMT',
89 verbose headers   etag: 'W/"580645d3-46f7"',
89 verbose headers   'content-encoding': 'gzip',
89 verbose headers   'cache-control': 'max-age=300',
89 verbose headers   'content-length': '3493',
89 verbose headers   'accept-ranges': 'bytes',
89 verbose headers   date: 'Thu, 24 Nov 2016 00:54:51 GMT',
89 verbose headers   via: '1.1 varnish',
89 verbose headers   age: '239',
89 verbose headers   connection: 'keep-alive',
89 verbose headers   'x-served-by': 'cache-sea1924-SEA',
89 verbose headers   'x-cache': 'HIT',
89 verbose headers   'x-cache-hits': '10',
89 verbose headers   'x-timer': 'S1479948891.787907,VS0,VE0',
89 verbose headers   vary: 'Accept-Encoding' }
90 silly get cb [ 200,
90 silly get   { server: 'nginx/1.10.1',
90 silly get     'content-type': 'application/json',
90 silly get     'last-modified': 'Tue, 18 Oct 2016 15:54:59 GMT',
90 silly get     etag: 'W/"580645d3-46f7"',
90 silly get     'content-encoding': 'gzip',
90 silly get     'cache-control': 'max-age=300',
90 silly get     'content-length': '3493',
90 silly get     'accept-ranges': 'bytes',
90 silly get     date: 'Thu, 24 Nov 2016 00:54:51 GMT',
90 silly get     via: '1.1 varnish',
90 silly get     age: '239',
90 silly get     connection: 'keep-alive',
90 silly get     'x-served-by': 'cache-sea1924-SEA',
90 silly get     'x-cache': 'HIT',
90 silly get     'x-cache-hits': '10',
90 silly get     'x-timer': 'S1479948891.787907,VS0,VE0',
90 silly get     vary: 'Accept-Encoding' } ]
91 verbose get saving bindings to C:\Users\Varun\AppData\Roaming\npm-cache\registry.npmjs.org\bindings\.cache.json
92 verbose correctMkdir C:\Users\Varun\AppData\Roaming\npm-cache correctMkdir not in flight; initializing
93 verbose request uri https://registry.npmjs.org/nan
94 verbose request no auth needed
95 info attempt registry request try #1 at 4:54:52 PM
96 verbose etag W/"5818d749-1ce1e"
97 verbose lastModified Tue, 01 Nov 2016 17:56:25 GMT
98 http request GET https://registry.npmjs.org/nan
99 silly resolveWithNewModule bindings@1.2.1 checking installable status
100 silly cache add args [ 'bindings@1.2.1', null ]
101 verbose cache add spec bindings@1.2.1
102 silly cache add parsed spec Result {
102 silly cache add   raw: 'bindings@1.2.1',
102 silly cache add   scope: null,
102 silly cache add   escapedName: 'bindings',
102 silly cache add   name: 'bindings',
102 silly cache add   rawSpec: '1.2.1',
102 silly cache add   spec: '1.2.1',
102 silly cache add   type: 'version' }
103 silly addNamed bindings@1.2.1
104 verbose addNamed "1.2.1" is a plain semver version for bindings
105 silly mapToRegistry name bindings
106 silly mapToRegistry using default registry
107 silly mapToRegistry registry https://registry.npmjs.org/
108 silly mapToRegistry data Result {
108 silly mapToRegistry   raw: 'bindings',
108 silly mapToRegistry   scope: null,
108 silly mapToRegistry   escapedName: 'bindings',
108 silly mapToRegistry   name: 'bindings',
108 silly mapToRegistry   rawSpec: '',
108 silly mapToRegistry   spec: 'latest',
108 silly mapToRegistry   type: 'tag' }
109 silly mapToRegistry uri https://registry.npmjs.org/bindings
110 verbose addNameVersion registry:https://registry.npmjs.org/bindings not in flight; fetching
111 verbose get https://registry.npmjs.org/bindings not expired, no request
112 silly mapToRegistry name bindings
113 silly mapToRegistry using default registry
114 silly mapToRegistry registry https://registry.npmjs.org/
115 silly mapToRegistry data Result {
115 silly mapToRegistry   raw: 'bindings',
115 silly mapToRegistry   scope: null,
115 silly mapToRegistry   escapedName: 'bindings',
115 silly mapToRegistry   name: 'bindings',
115 silly mapToRegistry   rawSpec: '',
115 silly mapToRegistry   spec: 'latest',
115 silly mapToRegistry   type: 'tag' }
116 silly mapToRegistry uri https://registry.npmjs.org/bindings
117 verbose addRemoteTarball https://registry.npmjs.org/bindings/-/bindings-1.2.1.tgz not in flight; adding
118 verbose addRemoteTarball [ 'https://registry.npmjs.org/bindings/-/bindings-1.2.1.tgz',
118 verbose addRemoteTarball   '14ad6113812d2d37d72e67b4cacb4bb726505f11' ]
119 info retry fetch attempt 1 at 4:54:52 PM
120 info attempt registry request try #1 at 4:54:52 PM
121 http fetch GET https://registry.npmjs.org/bindings/-/bindings-1.2.1.tgz
122 http 304 https://registry.npmjs.org/nan
123 verbose headers { date: 'Thu, 24 Nov 2016 00:54:51 GMT',
123 verbose headers   via: '1.1 varnish',
123 verbose headers   'cache-control': 'max-age=300',
123 verbose headers   etag: 'W/"5818d749-1ce1e"',
123 verbose headers   age: '16',
123 verbose headers   connection: 'keep-alive',
123 verbose headers   'x-served-by': 'cache-sea1924-SEA',
123 verbose headers   'x-cache': 'HIT',
123 verbose headers   'x-cache-hits': '4',
123 verbose headers   'x-timer': 'S1479948891.855638,VS0,VE0',
123 verbose headers   vary: 'Accept-Encoding' }
124 silly get cb [ 304,
124 silly get   { date: 'Thu, 24 Nov 2016 00:54:51 GMT',
124 silly get     via: '1.1 varnish',
124 silly get     'cache-control': 'max-age=300',
124 silly get     etag: 'W/"5818d749-1ce1e"',
124 silly get     age: '16',
124 silly get     connection: 'keep-alive',
124 silly get     'x-served-by': 'cache-sea1924-SEA',
124 silly get     'x-cache': 'HIT',
124 silly get     'x-cache-hits': '4',
124 silly get     'x-timer': 'S1479948891.855638,VS0,VE0',
124 silly get     vary: 'Accept-Encoding' } ]
125 verbose etag https://registry.npmjs.org/nan from cache
126 verbose get saving nan to C:\Users\Varun\AppData\Roaming\npm-cache\registry.npmjs.org\nan\.cache.json
127 verbose correctMkdir C:\Users\Varun\AppData\Roaming\npm-cache correctMkdir not in flight; initializing
128 silly resolveWithNewModule nan@2.3.5 checking installable status
129 silly cache add args [ 'nan@2.3.5', null ]
130 verbose cache add spec nan@2.3.5
131 silly cache add parsed spec Result {
131 silly cache add   raw: 'nan@2.3.5',
131 silly cache add   scope: null,
131 silly cache add   escapedName: 'nan',
131 silly cache add   name: 'nan',
131 silly cache add   rawSpec: '2.3.5',
131 silly cache add   spec: '2.3.5',
131 silly cache add   type: 'version' }
132 silly addNamed nan@2.3.5
133 verbose addNamed "2.3.5" is a plain semver version for nan
134 silly mapToRegistry name nan
135 silly mapToRegistry using default registry
136 silly mapToRegistry registry https://registry.npmjs.org/
137 silly mapToRegistry data Result {
137 silly mapToRegistry   raw: 'nan',
137 silly mapToRegistry   scope: null,
137 silly mapToRegistry   escapedName: 'nan',
137 silly mapToRegistry   name: 'nan',
137 silly mapToRegistry   rawSpec: '',
137 silly mapToRegistry   spec: 'latest',
137 silly mapToRegistry   type: 'tag' }
138 silly mapToRegistry uri https://registry.npmjs.org/nan
139 verbose addNameVersion registry:https://registry.npmjs.org/nan not in flight; fetching
140 verbose get https://registry.npmjs.org/nan not expired, no request
141 silly mapToRegistry name nan
142 silly mapToRegistry using default registry
143 silly mapToRegistry registry https://registry.npmjs.org/
144 silly mapToRegistry data Result {
144 silly mapToRegistry   raw: 'nan',
144 silly mapToRegistry   scope: null,
144 silly mapToRegistry   escapedName: 'nan',
144 silly mapToRegistry   name: 'nan',
144 silly mapToRegistry   rawSpec: '',
144 silly mapToRegistry   spec: 'latest',
144 silly mapToRegistry   type: 'tag' }
145 silly mapToRegistry uri https://registry.npmjs.org/nan
146 verbose addRemoteTarball https://registry.npmjs.org/nan/-/nan-2.3.5.tgz not in flight; adding
147 verbose addRemoteTarball [ 'https://registry.npmjs.org/nan/-/nan-2.3.5.tgz',
147 verbose addRemoteTarball   '822a0dc266290ce4cd3a12282ca3e7e364668a08' ]
148 info retry fetch attempt 1 at 4:54:52 PM
149 info attempt registry request try #1 at 4:54:52 PM
150 http fetch GET https://registry.npmjs.org/nan/-/nan-2.3.5.tgz
151 http fetch 200 https://registry.npmjs.org/nan/-/nan-2.3.5.tgz
152 http fetch 200 https://registry.npmjs.org/bindings/-/bindings-1.2.1.tgz
153 silly fetchAndShaCheck shasum 822a0dc266290ce4cd3a12282ca3e7e364668a08
154 silly fetchAndShaCheck shasum 14ad6113812d2d37d72e67b4cacb4bb726505f11
155 verbose addTmpTarball C:\Users\Varun\AppData\Local\Temp\npm-404-33160a64\registry.npmjs.org\nan\-\nan-2.3.5.tgz not in flight; adding
156 verbose addTmpTarball already have metadata; skipping unpack for nan@2.3.5
157 verbose correctMkdir C:\Users\Varun\AppData\Roaming\npm-cache correctMkdir not in flight; initializing
158 verbose addTmpTarball C:\Users\Varun\AppData\Local\Temp\npm-404-33160a64\registry.npmjs.org\bindings\-\bindings-1.2.1.tgz not in flight; adding
159 verbose addTmpTarball already have metadata; skipping unpack for bindings@1.2.1
160 verbose correctMkdir C:\Users\Varun\AppData\Roaming\npm-cache correctMkdir not in flight; initializing
161 silly cache afterAdd nan@2.3.5
162 verbose afterAdd C:\Users\Varun\AppData\Roaming\npm-cache\nan\2.3.5\package\package.json not in flight; writing
163 verbose correctMkdir C:\Users\Varun\AppData\Roaming\npm-cache correctMkdir not in flight; initializing
164 silly cache afterAdd bindings@1.2.1
165 verbose afterAdd C:\Users\Varun\AppData\Roaming\npm-cache\bindings\1.2.1\package\package.json not in flight; writing
166 verbose correctMkdir C:\Users\Varun\AppData\Roaming\npm-cache correctMkdir not in flight; initializing
167 verbose afterAdd C:\Users\Varun\AppData\Roaming\npm-cache\nan\2.3.5\package\package.json written
168 verbose afterAdd C:\Users\Varun\AppData\Roaming\npm-cache\bindings\1.2.1\package\package.json written
169 silly fetchNamedPackageData fsevents
170 silly mapToRegistry name fsevents
171 silly mapToRegistry using default registry
172 silly mapToRegistry registry https://registry.npmjs.org/
173 silly mapToRegistry data Result {
173 silly mapToRegistry   raw: 'fsevents',
173 silly mapToRegistry   scope: null,
173 silly mapToRegistry   escapedName: 'fsevents',
173 silly mapToRegistry   name: 'fsevents',
173 silly mapToRegistry   rawSpec: '',
173 silly mapToRegistry   spec: 'latest',
173 silly mapToRegistry   type: 'tag' }
174 silly mapToRegistry uri https://registry.npmjs.org/fsevents
175 verbose request uri https://registry.npmjs.org/fsevents
176 verbose request no auth needed
177 info attempt registry request try #1 at 4:54:53 PM
178 verbose etag W/"58352bb5-bb79"
179 verbose lastModified Wed, 23 Nov 2016 05:40:05 GMT
180 http request GET https://registry.npmjs.org/fsevents
181 http 304 https://registry.npmjs.org/fsevents
182 verbose headers { date: 'Thu, 24 Nov 2016 00:54:52 GMT',
182 verbose headers   via: '1.1 varnish',
182 verbose headers   'cache-control': 'max-age=300',
182 verbose headers   etag: 'W/"58352bb5-bb79"',
182 verbose headers   age: '132',
182 verbose headers   connection: 'keep-alive',
182 verbose headers   'x-served-by': 'cache-sea1922-SEA',
182 verbose headers   'x-cache': 'HIT',
182 verbose headers   'x-cache-hits': '16',
182 verbose headers   'x-timer': 'S1479948892.459147,VS0,VE0',
182 verbose headers   vary: 'Accept-Encoding' }
183 silly get cb [ 304,
183 silly get   { date: 'Thu, 24 Nov 2016 00:54:52 GMT',
183 silly get     via: '1.1 varnish',
183 silly get     'cache-control': 'max-age=300',
183 silly get     etag: 'W/"58352bb5-bb79"',
183 silly get     age: '132',
183 silly get     connection: 'keep-alive',
183 silly get     'x-served-by': 'cache-sea1922-SEA',
183 silly get     'x-cache': 'HIT',
183 silly get     'x-cache-hits': '16',
183 silly get     'x-timer': 'S1479948892.459147,VS0,VE0',
183 silly get     vary: 'Accept-Encoding' } ]
184 verbose etag https://registry.npmjs.org/fsevents from cache
185 verbose get saving fsevents to C:\Users\Varun\AppData\Roaming\npm-cache\registry.npmjs.org\fsevents\.cache.json
186 verbose correctMkdir C:\Users\Varun\AppData\Roaming\npm-cache correctMkdir not in flight; initializing
187 silly resolveWithNewModule fsevents@1.0.15 checking installable status
188 silly loadAllDepsIntoIdealTree Finishing
189 silly loadIdealTree Finishing
190 silly currentTree sb-admin-2@3.3.7
190 silly currentTree +-- abbrev@1.0.9
190 silly currentTree +-- accepts@1.3.3
190 silly currentTree +-- accord@0.26.3
190 silly currentTree +-- after@0.8.1
190 silly currentTree +-- align-text@0.1.4
190 silly currentTree +-- amdefine@1.0.1
190 silly currentTree +-- ansi-regex@2.0.0
190 silly currentTree +-- ansi-styles@2.2.1
190 silly currentTree +-- anymatch@1.3.0
190 silly currentTree +-- archy@1.0.0
190 silly currentTree +-- arr-diff@2.0.0
190 silly currentTree +-- arr-flatten@1.0.1
190 silly currentTree +-- array-differ@1.0.0
190 silly currentTree +-- array-find-index@1.0.2
190 silly currentTree +-- array-flatten@1.1.1
190 silly currentTree +-- array-uniq@1.0.3
190 silly currentTree +-- array-unique@0.2.1
190 silly currentTree +-- arraybuffer.slice@0.0.6
190 silly currentTree +-- arrify@1.0.1
190 silly currentTree +-- asap@2.0.5
190 silly currentTree +-- asn1@0.1.11
190 silly currentTree +-- assert-plus@0.1.5
190 silly currentTree +-- async-each-series@0.1.1
190 silly currentTree +-- async-each@1.0.1
190 silly currentTree +-- async@2.1.2
190 silly currentTree | `-- lodash@4.17.2
190 silly currentTree +-- aws-sign2@0.6.0
190 silly currentTree +-- backo2@1.0.2
190 silly currentTree +-- balanced-match@0.4.2
190 silly currentTree +-- base64-arraybuffer@0.1.5
190 silly currentTree +-- base64-url@1.3.3
190 silly currentTree +-- base64id@0.1.0
190 silly currentTree +-- basic-auth@1.0.4
190 silly currentTree +-- batch@0.5.3
190 silly currentTree +-- beeper@1.1.1
190 silly currentTree +-- benchmark@1.0.0
190 silly currentTree +-- better-assert@1.0.2
190 silly currentTree +-- binary-extensions@1.7.0
190 silly currentTree +-- bl@1.0.3
190 silly currentTree | `-- readable-stream@2.0.6
190 silly currentTree +-- blob@0.0.4
190 silly currentTree +-- bluebird@3.4.6
190 silly currentTree +-- body-parser@1.15.2
190 silly currentTree | +-- http-errors@1.5.1
190 silly currentTree | `-- qs@6.2.0
190 silly currentTree +-- boom@2.10.1
190 silly currentTree +-- brace-expansion@1.1.6
190 silly currentTree +-- braces@1.8.5
190 silly currentTree +-- browser-sync-client@2.4.3
190 silly currentTree +-- browser-sync-ui@0.6.1
190 silly currentTree +-- browser-sync@2.18.1
190 silly currentTree +-- bs-recipes@1.3.2
190 silly currentTree +-- bson@0.5.7
190 silly currentTree +-- buffer-shims@1.0.0
190 silly currentTree +-- bufferstreams
190 silly currentTree | `-- isarray@0.0.1
190 silly currentTree +-- builtin-modules@1.1.1
190 silly currentTree +-- bytes@2.4.0
190 silly currentTree +-- callsite@1.0.0
190 silly currentTree +-- camelcase-keys@2.1.0
190 silly currentTree | `-- camelcase@2.1.1
190 silly currentTree +-- camelcase@1.2.1
190 silly currentTree +-- caseless@0.11.0
190 silly currentTree +-- center-align@0.1.3
190 silly currentTree +-- chalk@1.1.3
190 silly currentTree +-- chokidar@1.6.0
190 silly currentTree +-- clean-css
190 silly currentTree | `-- commander@2.8.1
190 silly currentTree +-- cliui@3.2.0
190 silly currentTree +-- clone-stats@0.0.1
190 silly currentTree +-- clone@1.0.2
190 silly currentTree +-- code-point-at@1.1.0
190 silly currentTree +-- combined-stream@1.0.5
190 silly currentTree +-- commander@2.9.0
190 silly currentTree +-- component-bind@1.0.0
190 silly currentTree +-- component-emitter@1.1.2
190 silly currentTree +-- component-inherit@0.0.3
190 silly currentTree +-- concat-map@0.0.1
190 silly currentTree +-- concat-with-sourcemaps@1.0.4
190 silly currentTree | `-- source-map@0.5.6
190 silly currentTree +-- configstore@1.4.0
190 silly currentTree | +-- minimist@0.0.8
190 silly currentTree | `-- mkdirp@0.5.1
190 silly currentTree +-- connect-history-api-fallback@1.3.0
190 silly currentTree +-- connect@3.5.0
190 silly currentTree +-- content-disposition@0.5.1
190 silly currentTree +-- content-type@1.0.2
190 silly currentTree +-- convert-source-map@1.3.0
190 silly currentTree +-- cookie-parser@1.4.3
190 silly currentTree +-- cookie-signature@1.0.6
190 silly currentTree +-- cookie@0.3.1
190 silly currentTree +-- core-util-is@1.0.2
190 silly currentTree +-- crc@3.4.1
190 silly currentTree +-- cryptiles@2.0.5
190 silly currentTree +-- ctype@0.5.3
190 silly currentTree +-- currently-unhandled@0.4.1
190 silly currentTree +-- dateformat@1.0.12
190 silly currentTree +-- deap@1.0.0
190 silly currentTree +-- debug@2.2.0
190 silly currentTree +-- decamelize@1.2.0
190 silly currentTree +-- deep-extend@0.4.1
190 silly currentTree +-- defaults@1.0.3
190 silly currentTree +-- delayed-stream@1.0.0
190 silly currentTree +-- depd@1.1.0
190 silly currentTree +-- deprecated@0.0.1
190 silly currentTree +-- destroy@1.0.4
190 silly currentTree +-- detect-file@0.1.0
190 silly currentTree +-- dev-ip@1.0.1
190 silly currentTree +-- duplexer@0.1.1
190 silly currentTree +-- duplexer2
190 silly currentTree | `-- isarray@0.0.1
190 silly currentTree +-- duplexify@3.5.0
190 silly currentTree | +-- end-of-stream@1.0.0
190 silly currentTree | `-- once@1.3.3
190 silly currentTree +-- each-series@1.0.0
190 silly currentTree +-- easy-extender@2.3.2
190 silly currentTree +-- eazy-logger@3.0.2
190 silly currentTree +-- ee-first@1.1.1
190 silly currentTree +-- emitter-steward@1.0.0
190 silly currentTree +-- encodeurl@1.0.1
190 silly currentTree +-- end-of-stream@0.1.5
190 silly currentTree | `-- once@1.3.3
190 silly currentTree +-- engine.io-client@1.7.0
190 silly currentTree | +-- engine.io-parser@1.3.0
190 silly currentTree | +-- has-binary@0.1.6
190 silly currentTree | `-- isarray@0.0.1
190 silly currentTree +-- engine.io-parser
190 silly currentTree | +-- has-binary@0.1.6
190 silly currentTree | `-- isarray@0.0.1
190 silly currentTree +-- engine.io@1.7.0
190 silly currentTree | +-- engine.io-parser@1.3.0
190 silly currentTree | +-- has-binary@0.1.6
190 silly currentTree | `-- isarray@0.0.1
190 silly currentTree +-- errno@0.1.4
190 silly currentTree +-- error-ex@1.3.0
190 silly currentTree +-- es6-promise@3.2.1
190 silly currentTree +-- escape-html@1.0.3
190 silly currentTree +-- escape-string-regexp@1.0.5
190 silly currentTree +-- etag@1.7.0
190 silly currentTree +-- event-stream@3.3.4
190 silly currentTree +-- eventemitter3@1.2.0
190 silly currentTree +-- expand-brackets@0.1.5
190 silly currentTree +-- expand-range@1.8.2
190 silly currentTree +-- expand-tilde@1.2.2
190 silly currentTree +-- express-session@1.14.2
190 silly currentTree +-- express-validator@2.21.0
190 silly currentTree | `-- lodash@4.16.6
190 silly currentTree +-- express@4.14.0
190 silly currentTree | `-- qs@6.2.0
190 silly currentTree +-- extend@3.0.0
190 silly currentTree +-- extglob@0.3.2
190 silly currentTree +-- fancy-log@1.2.0
190 silly currentTree +-- filename-regex@2.0.0
190 silly currentTree +-- fill-range@2.2.3
190 silly currentTree +-- finalhandler@0.5.0
190 silly currentTree +-- find-index@0.1.1
190 silly currentTree +-- find-up@1.1.2
190 silly currentTree +-- findup-sync@0.4.3
190 silly currentTree +-- fined@1.0.2
190 silly currentTree +-- first-chunk-stream@1.0.0
190 silly currentTree +-- flagged-respawn@0.3.2
190 silly currentTree +-- for-in@0.1.6
190 silly currentTree +-- for-own@0.1.4
190 silly currentTree +-- forever-agent@0.6.1
190 silly currentTree +-- form-data@1.0.1
190 silly currentTree +-- formidable@1.0.17
190 silly currentTree +-- forwarded@0.1.0
190 silly currentTree +-- fresh@0.3.0
190 silly currentTree +-- from@0.1.3
190 silly currentTree +-- fs-exists-sync@0.1.0
190 silly currentTree +-- fs-extra@0.30.0
190 silly currentTree +-- fs.realpath@1.0.0
190 silly currentTree +-- gaze@0.5.2
190 silly currentTree | +-- glob@3.1.21
190 silly currentTree | +-- globule@0.1.0
190 silly currentTree | +-- graceful-fs@1.2.3
190 silly currentTree | +-- inherits@1.0.2
190 silly currentTree | +-- lodash@1.0.2
190 silly currentTree | `-- minimatch@0.2.14
190 silly currentTree +-- generate-function@2.0.0
190 silly currentTree +-- generate-object-property@1.2.0
190 silly currentTree +-- get-caller-file@1.0.2
190 silly currentTree +-- get-stdin@4.0.1
190 silly currentTree +-- glob-base@0.3.0
190 silly currentTree +-- glob-parent@2.0.0
190 silly currentTree +-- glob-stream
190 silly currentTree | +-- isarray@0.0.1
190 silly currentTree | `-- minimatch@2.0.10
190 silly currentTree +-- glob-watcher@0.0.6
190 silly currentTree +-- glob@7.1.1
190 silly currentTree +-- glob2base@0.0.12
190 silly currentTree +-- global-modules@0.2.3
190 silly currentTree +-- global-prefix@0.1.4
190 silly currentTree +-- globule
190 silly currentTree | +-- graceful-fs@1.2.3
190 silly currentTree | +-- inherits@1.0.2
190 silly currentTree | `-- lodash@1.0.2
190 silly currentTree +-- glogg@1.0.0
190 silly currentTree +-- got@3.3.1
190 silly currentTree | `-- object-assign@3.0.0
190 silly currentTree +-- graceful-fs@4.1.10
190 silly currentTree +-- graceful-readlink@1.0.1
190 silly currentTree +-- gulp-clean-css@2.0.13
190 silly currentTree | +-- clean-css@3.4.21
190 silly currentTree | +-- commander@2.8.1
190 silly currentTree | `-- gulp-util@3.0.7
190 silly currentTree |   `-- object-assign@3.0.0
190 silly currentTree +-- gulp-header@1.8.8
190 silly currentTree +-- gulp-less@3.3.0
190 silly currentTree | +-- gulp-util@3.0.7
190 silly currentTree | | `-- object-assign@3.0.0
190 silly currentTree | +-- less@2.7.1
190 silly currentTree | +-- mime@1.3.4
190 silly currentTree | +-- mkdirp@0.5.1
190 silly currentTree | | `-- minimist@0.0.8
190 silly currentTree | `-- source-map@0.5.6
190 silly currentTree +-- gulp-rename@1.2.2
190 silly currentTree +-- gulp-uglify@1.5.4
190 silly currentTree | +-- async@0.2.10
190 silly currentTree | +-- cliui@2.1.0
190 silly currentTree | +-- gulp-util@3.0.7
190 silly currentTree | +-- object-assign@3.0.0
190 silly currentTree | +-- source-map@0.5.6
190 silly currentTree | +-- uglify-js@2.6.4
190 silly currentTree | +-- window-size@0.1.0
190 silly currentTree | `-- yargs@3.10.0
190 silly currentTree +-- gulp-util
190 silly currentTree | `-- object-assign@3.0.0
190 silly currentTree +-- gulp@3.9.1
190 silly currentTree | +-- gulp-util@3.0.7
190 silly currentTree | +-- object-assign@3.0.0
190 silly currentTree | `-- semver@4.3.6
190 silly currentTree +-- gulplog@1.0.0
190 silly currentTree +-- har-validator@2.0.6
190 silly currentTree +-- has-ansi@2.0.0
190 silly currentTree +-- has-binary@0.1.7
190 silly currentTree | `-- isarray@0.0.1
190 silly currentTree +-- has-cors@1.1.0
190 silly currentTree +-- has-gulplog@0.1.0
190 silly currentTree +-- hawk@3.1.3
190 silly currentTree +-- hoek@2.16.3
190 silly currentTree +-- hosted-git-info@2.1.5
190 silly currentTree +-- http-errors@1.5.0
190 silly currentTree | +-- inherits@2.0.1
190 silly currentTree | `-- setprototypeof@1.0.1
190 silly currentTree +-- http-proxy@1.15.1
190 silly currentTree +-- http-signature@0.11.0
190 silly currentTree +-- iconv-lite@0.4.13
190 silly currentTree +-- ignore-by-default@1.0.1
190 silly currentTree +-- image-size@0.5.0
190 silly currentTree +-- immutable@3.8.1
190 silly currentTree +-- imurmurhash@0.1.4
190 silly currentTree +-- indent-string@2.1.0
190 silly currentTree +-- indexof@0.0.1
190 silly currentTree +-- indx@0.2.3
190 silly currentTree +-- infinity-agent@2.0.3
190 silly currentTree +-- inflight@1.0.6
190 silly currentTree +-- inherits@2.0.3
190 silly currentTree +-- ini@1.3.4
190 silly currentTree +-- interpret@1.0.1
190 silly currentTree +-- invert-kv@1.0.0
190 silly currentTree +-- ipaddr.js@1.1.1
190 silly currentTree +-- is-absolute@0.2.6
190 silly currentTree +-- is-arrayish@0.2.1
190 silly currentTree +-- is-binary-path@1.0.1
190 silly currentTree +-- is-buffer@1.1.4
190 silly currentTree +-- is-builtin-module@1.0.0
190 silly currentTree +-- is-dotfile@1.0.2
190 silly currentTree +-- is-equal-shallow@0.1.3
190 silly currentTree +-- is-extendable@0.1.1
190 silly currentTree +-- is-extglob@1.0.0
190 silly currentTree +-- is-finite@1.0.2
190 silly currentTree +-- is-fullwidth-code-point@1.0.0
190 silly currentTree +-- is-glob@2.0.1
190 silly currentTree +-- is-my-json-valid@2.15.0
190 silly currentTree +-- is-npm@1.0.0
190 silly currentTree +-- is-number@2.1.0
190 silly currentTree +-- is-posix-bracket@0.1.1
190 silly currentTree +-- is-primitive@2.0.0
190 silly currentTree +-- is-property@1.0.2
190 silly currentTree +-- is-redirect@1.0.0
190 silly currentTree +-- is-relative@0.2.1
190 silly currentTree +-- is-stream@1.1.0
190 silly currentTree +-- is-unc-path@0.1.1
190 silly currentTree +-- is-utf8@0.2.1
190 silly currentTree +-- is-windows@0.2.0
190 silly currentTree +-- isarray@1.0.0
190 silly currentTree +-- isexe@1.1.2
190 silly currentTree +-- isobject@2.1.0
190 silly currentTree +-- isstream@0.1.2
190 silly currentTree +-- json-stringify-safe@5.0.1
190 silly currentTree +-- json3@3.2.6
190 silly currentTree +-- jsonfile@2.4.0
190 silly currentTree +-- jsonpointer@4.0.0
190 silly currentTree +-- kerberos@0.0.9
190 silly currentTree | `-- nan@1.6.2
190 silly currentTree +-- kind-of@3.0.4
190 silly currentTree +-- klaw@1.3.1
190 silly currentTree +-- latest-version@1.0.1
190 silly currentTree +-- lazy-cache@1.0.4
190 silly currentTree +-- lcid@1.0.0
190 silly currentTree +-- less
190 silly currentTree | +-- mime@1.3.4
190 silly currentTree | +-- minimist@0.0.8
190 silly currentTree | +-- mkdirp@0.5.1
190 silly currentTree | `-- source-map@0.5.6
190 silly currentTree +-- liftoff@2.3.0
190 silly currentTree +-- limiter@1.1.0
190 silly currentTree +-- load-json-file@1.1.0
190 silly currentTree +-- localtunnel@1.8.1
190 silly currentTree | `-- yargs@3.29.0
190 silly currentTree +-- lodash._baseassign@3.2.0
190 silly currentTree +-- lodash._basecopy@3.0.1
190 silly currentTree +-- lodash._basetostring@3.0.1
190 silly currentTree +-- lodash._basevalues@3.0.0
190 silly currentTree +-- lodash._bindcallback@3.0.1
190 silly currentTree +-- lodash._createassigner@3.1.1
190 silly currentTree +-- lodash._getnative@3.9.1
190 silly currentTree +-- lodash._isiterateecall@3.0.9
190 silly currentTree +-- lodash._reescape@3.0.0
190 silly currentTree +-- lodash._reevaluate@3.0.0
190 silly currentTree +-- lodash._reinterpolate@3.0.0
190 silly currentTree +-- lodash._root@3.0.1
190 silly currentTree +-- lodash.assign@3.2.0
190 silly currentTree +-- lodash.assignwith@4.2.0
190 silly currentTree +-- lodash.clone@4.5.0
190 silly currentTree +-- lodash.defaults@4.2.0
190 silly currentTree +-- lodash.escape@3.2.0
190 silly currentTree +-- lodash.flatten@4.4.0
190 silly currentTree +-- lodash.isarguments@3.1.0
190 silly currentTree +-- lodash.isarray@3.0.4
190 silly currentTree +-- lodash.isempty@4.4.0
190 silly currentTree +-- lodash.isplainobject@4.0.6
190 silly currentTree +-- lodash.isstring@4.0.1
190 silly currentTree +-- lodash.keys@3.1.2
190 silly currentTree +-- lodash.mapvalues@4.6.0
190 silly currentTree +-- lodash.merge@4.6.0
190 silly currentTree +-- lodash.partialright@4.2.1
190 silly currentTree +-- lodash.pick@4.4.0
190 silly currentTree +-- lodash.restparam@3.6.1
190 silly currentTree +-- lodash.template@3.6.2
190 silly currentTree +-- lodash.templatesettings@3.1.1
190 silly currentTree +-- lodash.uniq@4.5.0
190 silly currentTree +-- lodash@3.10.1
190 silly currentTree +-- longest@1.0.1
190 silly currentTree +-- loud-rejection@1.6.0
190 silly currentTree +-- lowercase-keys@1.0.0
190 silly currentTree +-- lru-cache@2.7.3
190 silly currentTree +-- map-cache@0.2.2
190 silly currentTree +-- map-obj@1.0.1
190 silly currentTree +-- map-stream@0.1.0
190 silly currentTree +-- media-typer@0.3.0
190 silly currentTree +-- meow@3.7.0
190 silly currentTree +-- merge-descriptors@1.0.1
190 silly currentTree +-- methods@1.1.2
190 silly currentTree +-- micromatch@2.3.11
190 silly currentTree +-- mime-db@1.24.0
190 silly currentTree +-- mime-types@2.1.12
190 silly currentTree +-- mime@1.2.4
190 silly currentTree +-- minimatch@3.0.3
190 silly currentTree +-- minimist@1.2.0
190 silly currentTree +-- mkdirp@0.3.0
190 silly currentTree +-- mongodb-core@2.0.13
190 silly currentTree | `-- bson@0.5.6
190 silly currentTree +-- mongodb@1.4.32
190 silly currentTree | +-- bson@0.2.22
190 silly currentTree | `-- readable-stream@2.2.2
190 silly currentTree +-- mongojs@0.18.2
190 silly currentTree | +-- isarray@0.0.1
190 silly currentTree | `-- readable-stream@1.1.14
190 silly currentTree +-- morgan@1.7.0
190 silly currentTree +-- ms@0.7.1
190 silly currentTree +-- multipipe@0.1.2
190 silly currentTree | +-- duplexer2@0.0.2
190 silly currentTree | +-- isarray@0.0.1
190 silly currentTree | `-- readable-stream@1.1.14
190 silly currentTree +-- nan@1.8.4
190 silly currentTree +-- natives@1.1.0
190 silly currentTree +-- negotiator@0.6.1
190 silly currentTree +-- nested-error-stacks@1.0.2
190 silly currentTree +-- node-uuid@1.4.7
190 silly currentTree +-- nodemon@1.11.0
190 silly currentTree | `-- lodash.defaults@3.1.2
190 silly currentTree +-- nopt@3.0.6
190 silly currentTree +-- normalize-package-data@2.3.5
190 silly currentTree +-- normalize-path@2.0.1
190 silly currentTree +-- number-is-nan@1.0.1
190 silly currentTree +-- oauth-sign@0.8.2
190 silly currentTree +-- object-assign@4.1.0
190 silly currentTree +-- object-component@0.0.3
190 silly currentTree +-- object-path@0.9.2
190 silly currentTree +-- object.omit@2.0.1
190 silly currentTree +-- on-finished@2.3.0
190 silly currentTree +-- on-headers@1.0.1
190 silly currentTree +-- once@1.4.0
190 silly currentTree +-- openurl@1.1.0
190 silly currentTree +-- opn@4.0.2
190 silly currentTree +-- options@0.0.6
190 silly currentTree +-- orchestrator@0.3.8
190 silly currentTree +-- ordered-read-streams@0.1.0
190 silly currentTree +-- os-homedir@1.0.2
190 silly currentTree +-- os-locale@1.4.0
190 silly currentTree +-- os-tmpdir@1.0.2
190 silly currentTree +-- osenv@0.1.3
190 silly currentTree +-- package-json@1.2.0
190 silly currentTree +-- parse-filepath@1.0.1
190 silly currentTree +-- parse-glob@3.0.4
190 silly currentTree +-- parse-json@2.2.0
190 silly currentTree +-- parse-mongo-url@1.1.1
190 silly currentTree +-- parsejson@0.0.1
190 silly currentTree +-- parseqs@0.0.2
190 silly currentTree +-- parseuri@0.0.4
190 silly currentTree +-- parseurl@1.3.1
190 silly currentTree +-- password-hash@1.2.2
190 silly currentTree +-- path-exists@2.1.0
190 silly currentTree +-- path-is-absolute@1.0.1
190 silly currentTree +-- path-root-regex@0.1.2
190 silly currentTree +-- path-root@0.1.1
190 silly currentTree +-- path-to-regexp@0.1.7
190 silly currentTree +-- path-type@1.1.0
190 silly currentTree +-- pause-stream@0.0.11
190 silly currentTree +-- pify@2.3.0
190 silly currentTree +-- pinkie-promise@2.0.1
190 silly currentTree +-- pinkie@2.0.4
190 silly currentTree +-- portscanner@1.0.0
190 silly currentTree | `-- async@0.1.15
190 silly currentTree +-- prepend-http@1.0.4
190 silly currentTree +-- preserve@0.2.0
190 silly currentTree +-- pretty-hrtime@1.0.3
190 silly currentTree +-- process-nextick-args@1.0.7
190 silly currentTree +-- promise@7.1.1
190 silly currentTree +-- proxy-addr@1.1.2
190 silly currentTree +-- prr@0.0.0
190 silly currentTree +-- ps-tree@1.1.0
190 silly currentTree +-- qs@6.2.1
190 silly currentTree +-- random-bytes@1.0.0
190 silly currentTree +-- randomatic@1.1.5
190 silly currentTree +-- range-parser@1.2.0
190 silly currentTree +-- raw-body@2.1.7
190 silly currentTree +-- rc@1.1.6
190 silly currentTree | `-- minimist@1.2.0
190 silly currentTree +-- read-all-stream@3.1.0
190 silly currentTree +-- read-pkg-up@1.0.1
190 silly currentTree +-- read-pkg@1.1.0
190 silly currentTree +-- readable-stream@2.2.2
190 silly currentTree +-- readdirp@2.1.0
190 silly currentTree +-- rechoir@0.6.2
190 silly currentTree +-- redent@1.0.0
190 silly currentTree +-- regex-cache@0.4.3
190 silly currentTree +-- registry-url@3.1.0
190 silly currentTree +-- repeat-element@1.1.2
190 silly currentTree +-- repeat-string@1.6.1
190 silly currentTree +-- repeating@2.0.1
190 silly currentTree +-- replace-ext@0.0.1
190 silly currentTree +-- request@2.65.0
190 silly currentTree | `-- qs@5.2.1
190 silly currentTree +-- require_optional@1.0.0
190 silly currentTree +-- require-directory@2.1.1
190 silly currentTree +-- require-main-filename@1.0.1
190 silly currentTree +-- requires-port@1.0.0
190 silly currentTree +-- resolve-dir@0.1.1
190 silly currentTree +-- resolve-from@2.0.0
190 silly currentTree +-- resolve@1.1.7
190 silly currentTree +-- resp-modifier@6.0.2
190 silly currentTree +-- right-align@0.1.3
190 silly currentTree +-- rimraf@2.5.4
190 silly currentTree +-- rx@4.1.0
190 silly currentTree +-- semver-diff@2.1.0
190 silly currentTree +-- semver@5.3.0
190 silly currentTree +-- send@0.14.1
190 silly currentTree | +-- http-errors@1.5.1
190 silly currentTree | `-- mime@1.3.4
190 silly currentTree +-- sequencify@0.0.7
190 silly currentTree +-- serve-index@1.8.0
190 silly currentTree | `-- http-errors@1.5.1
190 silly currentTree +-- serve-static@1.11.1
190 silly currentTree +-- server-destroy@1.0.1
190 silly currentTree +-- set-blocking@2.0.0
190 silly currentTree +-- set-immediate-shim@1.0.1
190 silly currentTree +-- setprototypeof@1.0.2
190 silly currentTree +-- sigmund@1.0.1
190 silly currentTree +-- signal-exit@3.0.1
190 silly currentTree +-- slide@1.1.6
190 silly currentTree +-- sntp@1.0.9
190 silly currentTree +-- socket.io-adapter@0.4.0
190 silly currentTree | +-- isarray@0.0.1
190 silly currentTree | `-- socket.io-parser@2.2.2
190 silly currentTree |   `-- debug@0.7.4
190 silly currentTree +-- socket.io-client@1.5.0
190 silly currentTree | `-- component-emitter@1.2.0
190 silly currentTree +-- socket.io-parser@2.2.6
190 silly currentTree | +-- isarray@0.0.1
190 silly currentTree | `-- json3@3.3.2
190 silly currentTree +-- socket.io@1.5.0
190 silly currentTree +-- source-map@0.4.4
190 silly currentTree +-- sparkles@1.0.0
190 silly currentTree +-- spdx-correct@1.0.2
190 silly currentTree +-- spdx-expression-parse@1.0.4
190 silly currentTree +-- spdx-license-ids@1.2.2
190 silly currentTree +-- split@0.3.3
190 silly currentTree +-- statuses@1.3.1
190 silly currentTree +-- stream-combiner@0.0.4
190 silly currentTree +-- stream-consume@0.1.0
190 silly currentTree +-- stream-shift@1.0.0
190 silly currentTree +-- stream-throttle@0.1.3
190 silly currentTree +-- string_decoder@0.10.31
190 silly currentTree +-- string-length@1.0.1
190 silly currentTree +-- string-width@1.0.2
190 silly currentTree +-- stringstream@0.0.5
190 silly currentTree +-- strip-ansi@3.0.1
190 silly currentTree +-- strip-bom@2.0.0
190 silly currentTree +-- strip-indent@1.0.1
190 silly currentTree +-- strip-json-comments@1.0.4
190 silly currentTree +-- supports-color@2.0.0
190 silly currentTree +-- tfunk@3.0.2
190 silly currentTree +-- through@2.3.8
190 silly currentTree +-- through2@2.0.1
190 silly currentTree | `-- readable-stream@2.0.6
190 silly currentTree +-- thunky@0.1.0
190 silly currentTree +-- tildify@1.2.0
190 silly currentTree +-- time-stamp@1.0.1
190 silly currentTree +-- timed-out@2.0.0
190 silly currentTree +-- to-array@0.1.4
190 silly currentTree +-- to-mongodb-core@2.0.0
190 silly currentTree +-- touch@1.0.0
190 silly currentTree | `-- nopt@1.0.10
190 silly currentTree +-- tough-cookie@2.2.2
190 silly currentTree +-- trim-newlines@1.0.0
190 silly currentTree +-- tunnel-agent@0.4.3
190 silly currentTree +-- type-is@1.6.13
190 silly currentTree +-- ua-parser-js@0.7.10
190 silly currentTree +-- uglify-js@2.7.4
190 silly currentTree | +-- async@0.2.10
190 silly currentTree | +-- cliui@2.1.0
190 silly currentTree | +-- source-map@0.5.6
190 silly currentTree | +-- window-size@0.1.0
190 silly currentTree | `-- yargs@3.10.0
190 silly currentTree +-- uglify-save-license@0.4.1
190 silly currentTree +-- uglify-to-browserify@1.0.2
190 silly currentTree +-- uid-safe@2.1.3
190 silly currentTree +-- ultron@1.0.2
190 silly currentTree +-- unc-path-regex@0.1.2
190 silly currentTree +-- undefsafe@0.0.3
190 silly currentTree +-- underscore@1.7.0
190 silly currentTree +-- unique-stream@1.0.0
190 silly currentTree +-- unpipe@1.0.0
190 silly currentTree +-- update-notifier@0.5.0
190 silly currentTree | `-- repeating@1.1.3
190 silly currentTree +-- user-home@1.1.1
190 silly currentTree +-- util-deprecate@1.0.2
190 silly currentTree +-- utils-merge@1.0.0
190 silly currentTree +-- uuid@2.0.3
190 silly currentTree +-- v8flags@2.0.11
190 silly currentTree +-- validate-npm-package-license@3.0.1
190 silly currentTree +-- validator@5.7.0
190 silly currentTree +-- vary@1.1.0
190 silly currentTree +-- vinyl-bufferstream@1.0.1
190 silly currentTree | +-- bufferstreams@1.0.1
190 silly currentTree | +-- isarray@0.0.1
190 silly currentTree | `-- readable-stream@1.1.14
190 silly currentTree +-- vinyl-fs@0.3.14
190 silly currentTree | +-- clone@0.2.0
190 silly currentTree | +-- glob-stream@3.1.18
190 silly currentTree | +-- glob@4.5.3
190 silly currentTree | +-- graceful-fs@3.0.11
190 silly currentTree | +-- isarray@0.0.1
190 silly currentTree | +-- minimatch@2.0.10
190 silly currentTree | +-- minimist@0.0.8
190 silly currentTree | +-- mkdirp@0.5.1
190 silly currentTree | +-- readable-stream@1.0.34
190 silly currentTree | +-- strip-bom@1.0.0
190 silly currentTree | +-- through2@0.6.5
190 silly currentTree | `-- vinyl@0.4.6
190 silly currentTree +-- vinyl-sourcemaps-apply@0.2.1
190 silly currentTree | `-- source-map@0.5.6
190 silly currentTree +-- vinyl@0.5.3
190 silly currentTree +-- weinre@2.0.0-pre-I0Z7U9OV
190 silly currentTree | +-- connect@1.9.2
190 silly currentTree | +-- express@2.5.11
190 silly currentTree | `-- qs@0.4.2
190 silly currentTree +-- when@3.7.7
190 silly currentTree +-- which-module@1.0.0
190 silly currentTree +-- which@1.2.12
190 silly currentTree +-- window-size@0.1.4
190 silly currentTree +-- wordwrap@0.0.2
190 silly currentTree +-- wrap-ansi@2.0.0
190 silly currentTree +-- wrappy@1.0.2
190 silly currentTree +-- write-file-atomic@1.2.0
190 silly currentTree +-- ws@1.1.1
190 silly currentTree +-- wtf-8@1.0.0
190 silly currentTree +-- xdg-basedir@2.0.0
190 silly currentTree +-- xmlhttprequest-ssl@1.5.1
190 silly currentTree +-- xtend@4.0.1
190 silly currentTree +-- y18n@3.2.1
190 silly currentTree +-- yargs-parser@4.0.2
190 silly currentTree | `-- camelcase@3.0.0
190 silly currentTree +-- yargs@6.0.0
190 silly currentTree | `-- window-size@0.2.0
190 silly currentTree `-- yeast@0.1.2
191 silly idealTree sb-admin-2@3.3.7
191 silly idealTree +-- abbrev@1.0.9
191 silly idealTree +-- accepts@1.3.3
191 silly idealTree +-- accord@0.26.3
191 silly idealTree +-- after@0.8.1
191 silly idealTree +-- align-text@0.1.4
191 silly idealTree +-- amdefine@1.0.1
191 silly idealTree +-- ansi-regex@2.0.0
191 silly idealTree +-- ansi-styles@2.2.1
191 silly idealTree +-- anymatch@1.3.0
191 silly idealTree +-- archy@1.0.0
191 silly idealTree +-- arr-diff@2.0.0
191 silly idealTree +-- arr-flatten@1.0.1
191 silly idealTree +-- array-differ@1.0.0
191 silly idealTree +-- array-find-index@1.0.2
191 silly idealTree +-- array-flatten@1.1.1
191 silly idealTree +-- array-uniq@1.0.3
191 silly idealTree +-- array-unique@0.2.1
191 silly idealTree +-- arraybuffer.slice@0.0.6
191 silly idealTree +-- arrify@1.0.1
191 silly idealTree +-- asap@2.0.5
191 silly idealTree +-- asn1@0.1.11
191 silly idealTree +-- assert-plus@0.1.5
191 silly idealTree +-- async-each-series@0.1.1
191 silly idealTree +-- async-each@1.0.1
191 silly idealTree +-- async@2.1.2
191 silly idealTree | `-- lodash@4.17.2
191 silly idealTree +-- aws-sign2@0.6.0
191 silly idealTree +-- backo2@1.0.2
191 silly idealTree +-- balanced-match@0.4.2
191 silly idealTree +-- base64-arraybuffer@0.1.5
191 silly idealTree +-- base64-url@1.3.3
191 silly idealTree +-- base64id@0.1.0
191 silly idealTree +-- basic-auth@1.0.4
191 silly idealTree +-- batch@0.5.3
191 silly idealTree +-- bcrypt@0.8.7
191 silly idealTree | `-- nan@2.3.5
191 silly idealTree +-- beeper@1.1.1
191 silly idealTree +-- benchmark@1.0.0
191 silly idealTree +-- better-assert@1.0.2
191 silly idealTree +-- binary-extensions@1.7.0
191 silly idealTree +-- bindings@1.2.1
191 silly idealTree +-- bl@1.0.3
191 silly idealTree | `-- readable-stream@2.0.6
191 silly idealTree +-- blob@0.0.4
191 silly idealTree +-- bluebird@3.4.6
191 silly idealTree +-- body-parser@1.15.2
191 silly idealTree | +-- http-errors@1.5.1
191 silly idealTree | `-- qs@6.2.0
191 silly idealTree +-- boom@2.10.1
191 silly idealTree +-- brace-expansion@1.1.6
191 silly idealTree +-- braces@1.8.5
191 silly idealTree +-- browser-sync-client@2.4.3
191 silly idealTree +-- browser-sync-ui@0.6.1
191 silly idealTree +-- browser-sync@2.18.1
191 silly idealTree +-- bs-recipes@1.3.2
191 silly idealTree +-- bson@0.5.7
191 silly idealTree +-- buffer-shims@1.0.0
191 silly idealTree +-- bufferstreams
191 silly idealTree | `-- isarray@0.0.1
191 silly idealTree +-- builtin-modules@1.1.1
191 silly idealTree +-- bytes@2.4.0
191 silly idealTree +-- callsite@1.0.0
191 silly idealTree +-- camelcase-keys@2.1.0
191 silly idealTree | `-- camelcase@2.1.1
191 silly idealTree +-- camelcase@1.2.1
191 silly idealTree +-- caseless@0.11.0
191 silly idealTree +-- center-align@0.1.3
191 silly idealTree +-- chalk@1.1.3
191 silly idealTree +-- chokidar@1.6.0
191 silly idealTree +-- clean-css
191 silly idealTree | `-- commander@2.8.1
191 silly idealTree +-- cliui@3.2.0
191 silly idealTree +-- clone-stats@0.0.1
191 silly idealTree +-- clone@1.0.2
191 silly idealTree +-- code-point-at@1.1.0
191 silly idealTree +-- combined-stream@1.0.5
191 silly idealTree +-- commander@2.9.0
191 silly idealTree +-- component-bind@1.0.0
191 silly idealTree +-- component-emitter@1.1.2
191 silly idealTree +-- component-inherit@0.0.3
191 silly idealTree +-- concat-map@0.0.1
191 silly idealTree +-- concat-with-sourcemaps@1.0.4
191 silly idealTree | `-- source-map@0.5.6
191 silly idealTree +-- configstore@1.4.0
191 silly idealTree | +-- minimist@0.0.8
191 silly idealTree | `-- mkdirp@0.5.1
191 silly idealTree +-- connect-history-api-fallback@1.3.0
191 silly idealTree +-- connect@3.5.0
191 silly idealTree +-- content-disposition@0.5.1
191 silly idealTree +-- content-type@1.0.2
191 silly idealTree +-- convert-source-map@1.3.0
191 silly idealTree +-- cookie-parser@1.4.3
191 silly idealTree +-- cookie-signature@1.0.6
191 silly idealTree +-- cookie@0.3.1
191 silly idealTree +-- core-util-is@1.0.2
191 silly idealTree +-- crc@3.4.1
191 silly idealTree +-- cryptiles@2.0.5
191 silly idealTree +-- ctype@0.5.3
191 silly idealTree +-- currently-unhandled@0.4.1
191 silly idealTree +-- dateformat@1.0.12
191 silly idealTree +-- deap@1.0.0
191 silly idealTree +-- debug@2.2.0
191 silly idealTree +-- decamelize@1.2.0
191 silly idealTree +-- deep-extend@0.4.1
191 silly idealTree +-- defaults@1.0.3
191 silly idealTree +-- delayed-stream@1.0.0
191 silly idealTree +-- depd@1.1.0
191 silly idealTree +-- deprecated@0.0.1
191 silly idealTree +-- destroy@1.0.4
191 silly idealTree +-- detect-file@0.1.0
191 silly idealTree +-- dev-ip@1.0.1
191 silly idealTree +-- duplexer@0.1.1
191 silly idealTree +-- duplexer2
191 silly idealTree | `-- isarray@0.0.1
191 silly idealTree +-- duplexify@3.5.0
191 silly idealTree | +-- end-of-stream@1.0.0
191 silly idealTree | `-- once@1.3.3
191 silly idealTree +-- each-series@1.0.0
191 silly idealTree +-- easy-extender@2.3.2
191 silly idealTree +-- eazy-logger@3.0.2
191 silly idealTree +-- ee-first@1.1.1
191 silly idealTree +-- emitter-steward@1.0.0
191 silly idealTree +-- encodeurl@1.0.1
191 silly idealTree +-- end-of-stream@0.1.5
191 silly idealTree | `-- once@1.3.3
191 silly idealTree +-- engine.io-client@1.7.0
191 silly idealTree | +-- engine.io-parser@1.3.0
191 silly idealTree | +-- has-binary@0.1.6
191 silly idealTree | `-- isarray@0.0.1
191 silly idealTree +-- engine.io-parser
191 silly idealTree | +-- has-binary@0.1.6
191 silly idealTree | `-- isarray@0.0.1
191 silly idealTree +-- engine.io@1.7.0
191 silly idealTree | +-- engine.io-parser@1.3.0
191 silly idealTree | +-- has-binary@0.1.6
191 silly idealTree | `-- isarray@0.0.1
191 silly idealTree +-- errno@0.1.4
191 silly idealTree +-- error-ex@1.3.0
191 silly idealTree +-- es6-promise@3.2.1
191 silly idealTree +-- escape-html@1.0.3
191 silly idealTree +-- escape-string-regexp@1.0.5
191 silly idealTree +-- etag@1.7.0
191 silly idealTree +-- event-stream@3.3.4
191 silly idealTree +-- eventemitter3@1.2.0
191 silly idealTree +-- expand-brackets@0.1.5
191 silly idealTree +-- expand-range@1.8.2
191 silly idealTree +-- expand-tilde@1.2.2
191 silly idealTree +-- express-session@1.14.2
191 silly idealTree +-- express-validator@2.21.0
191 silly idealTree | `-- lodash@4.16.6
191 silly idealTree +-- express@4.14.0
191 silly idealTree | `-- qs@6.2.0
191 silly idealTree +-- extend@3.0.0
191 silly idealTree +-- extglob@0.3.2
191 silly idealTree +-- fancy-log@1.2.0
191 silly idealTree +-- filename-regex@2.0.0
191 silly idealTree +-- fill-range@2.2.3
191 silly idealTree +-- finalhandler@0.5.0
191 silly idealTree +-- find-index@0.1.1
191 silly idealTree +-- find-up@1.1.2
191 silly idealTree +-- findup-sync@0.4.3
191 silly idealTree +-- fined@1.0.2
191 silly idealTree +-- first-chunk-stream@1.0.0
191 silly idealTree +-- flagged-respawn@0.3.2
191 silly idealTree +-- for-in@0.1.6
191 silly idealTree +-- for-own@0.1.4
191 silly idealTree +-- forever-agent@0.6.1
191 silly idealTree +-- form-data@1.0.1
191 silly idealTree +-- formidable@1.0.17
191 silly idealTree +-- forwarded@0.1.0
191 silly idealTree +-- fresh@0.3.0
191 silly idealTree +-- from@0.1.3
191 silly idealTree +-- fs-exists-sync@0.1.0
191 silly idealTree +-- fs-extra@0.30.0
191 silly idealTree +-- fs.realpath@1.0.0
191 silly idealTree +-- gaze@0.5.2
191 silly idealTree | +-- glob@3.1.21
191 silly idealTree | +-- globule@0.1.0
191 silly idealTree | +-- graceful-fs@1.2.3
191 silly idealTree | +-- inherits@1.0.2
191 silly idealTree | +-- lodash@1.0.2
191 silly idealTree | `-- minimatch@0.2.14
191 silly idealTree +-- generate-function@2.0.0
191 silly idealTree +-- generate-object-property@1.2.0
191 silly idealTree +-- get-caller-file@1.0.2
191 silly idealTree +-- get-stdin@4.0.1
191 silly idealTree +-- glob-base@0.3.0
191 silly idealTree +-- glob-parent@2.0.0
191 silly idealTree +-- glob-stream
191 silly idealTree | +-- isarray@0.0.1
191 silly idealTree | `-- minimatch@2.0.10
191 silly idealTree +-- glob-watcher@0.0.6
191 silly idealTree +-- glob@7.1.1
191 silly idealTree +-- glob2base@0.0.12
191 silly idealTree +-- global-modules@0.2.3
191 silly idealTree +-- global-prefix@0.1.4
191 silly idealTree +-- globule
191 silly idealTree | +-- graceful-fs@1.2.3
191 silly idealTree | +-- inherits@1.0.2
191 silly idealTree | `-- lodash@1.0.2
191 silly idealTree +-- glogg@1.0.0
191 silly idealTree +-- got@3.3.1
191 silly idealTree | `-- object-assign@3.0.0
191 silly idealTree +-- graceful-fs@4.1.10
191 silly idealTree +-- graceful-readlink@1.0.1
191 silly idealTree +-- gulp-clean-css@2.0.13
191 silly idealTree | +-- clean-css@3.4.21
191 silly idealTree | +-- commander@2.8.1
191 silly idealTree | `-- gulp-util@3.0.7
191 silly idealTree |   `-- object-assign@3.0.0
191 silly idealTree +-- gulp-header@1.8.8
191 silly idealTree +-- gulp-less@3.3.0
191 silly idealTree | +-- gulp-util@3.0.7
191 silly idealTree | | `-- object-assign@3.0.0
191 silly idealTree | +-- less@2.7.1
191 silly idealTree | +-- mime@1.3.4
191 silly idealTree | +-- mkdirp@0.5.1
191 silly idealTree | | `-- minimist@0.0.8
191 silly idealTree | `-- source-map@0.5.6
191 silly idealTree +-- gulp-rename@1.2.2
191 silly idealTree +-- gulp-uglify@1.5.4
191 silly idealTree | +-- async@0.2.10
191 silly idealTree | +-- cliui@2.1.0
191 silly idealTree | +-- gulp-util@3.0.7
191 silly idealTree | +-- object-assign@3.0.0
191 silly idealTree | +-- source-map@0.5.6
191 silly idealTree | +-- uglify-js@2.6.4
191 silly idealTree | +-- window-size@0.1.0
191 silly idealTree | `-- yargs@3.10.0
191 silly idealTree +-- gulp-util
191 silly idealTree | `-- object-assign@3.0.0
191 silly idealTree +-- gulp@3.9.1
191 silly idealTree | +-- gulp-util@3.0.7
191 silly idealTree | +-- object-assign@3.0.0
191 silly idealTree | `-- semver@4.3.6
191 silly idealTree +-- gulplog@1.0.0
191 silly idealTree +-- har-validator@2.0.6
191 silly idealTree +-- has-ansi@2.0.0
191 silly idealTree +-- has-binary@0.1.7
191 silly idealTree | `-- isarray@0.0.1
191 silly idealTree +-- has-cors@1.1.0
191 silly idealTree +-- has-gulplog@0.1.0
191 silly idealTree +-- hawk@3.1.3
191 silly idealTree +-- hoek@2.16.3
191 silly idealTree +-- hosted-git-info@2.1.5
191 silly idealTree +-- http-errors@1.5.0
191 silly idealTree | +-- inherits@2.0.1
191 silly idealTree | `-- setprototypeof@1.0.1
191 silly idealTree +-- http-proxy@1.15.1
191 silly idealTree +-- http-signature@0.11.0
191 silly idealTree +-- iconv-lite@0.4.13
191 silly idealTree +-- ignore-by-default@1.0.1
191 silly idealTree +-- image-size@0.5.0
191 silly idealTree +-- immutable@3.8.1
191 silly idealTree +-- imurmurhash@0.1.4
191 silly idealTree +-- indent-string@2.1.0
191 silly idealTree +-- indexof@0.0.1
191 silly idealTree +-- indx@0.2.3
191 silly idealTree +-- infinity-agent@2.0.3
191 silly idealTree +-- inflight@1.0.6
191 silly idealTree +-- inherits@2.0.3
191 silly idealTree +-- ini@1.3.4
191 silly idealTree +-- interpret@1.0.1
191 silly idealTree +-- invert-kv@1.0.0
191 silly idealTree +-- ipaddr.js@1.1.1
191 silly idealTree +-- is-absolute@0.2.6
191 silly idealTree +-- is-arrayish@0.2.1
191 silly idealTree +-- is-binary-path@1.0.1
191 silly idealTree +-- is-buffer@1.1.4
191 silly idealTree +-- is-builtin-module@1.0.0
191 silly idealTree +-- is-dotfile@1.0.2
191 silly idealTree +-- is-equal-shallow@0.1.3
191 silly idealTree +-- is-extendable@0.1.1
191 silly idealTree +-- is-extglob@1.0.0
191 silly idealTree +-- is-finite@1.0.2
191 silly idealTree +-- is-fullwidth-code-point@1.0.0
191 silly idealTree +-- is-glob@2.0.1
191 silly idealTree +-- is-my-json-valid@2.15.0
191 silly idealTree +-- is-npm@1.0.0
191 silly idealTree +-- is-number@2.1.0
191 silly idealTree +-- is-posix-bracket@0.1.1
191 silly idealTree +-- is-primitive@2.0.0
191 silly idealTree +-- is-property@1.0.2
191 silly idealTree +-- is-redirect@1.0.0
191 silly idealTree +-- is-relative@0.2.1
191 silly idealTree +-- is-stream@1.1.0
191 silly idealTree +-- is-unc-path@0.1.1
191 silly idealTree +-- is-utf8@0.2.1
191 silly idealTree +-- is-windows@0.2.0
191 silly idealTree +-- isarray@1.0.0
191 silly idealTree +-- isexe@1.1.2
191 silly idealTree +-- isobject@2.1.0
191 silly idealTree +-- isstream@0.1.2
191 silly idealTree +-- json-stringify-safe@5.0.1
191 silly idealTree +-- json3@3.2.6
191 silly idealTree +-- jsonfile@2.4.0
191 silly idealTree +-- jsonpointer@4.0.0
191 silly idealTree +-- kerberos@0.0.9
191 silly idealTree | `-- nan@1.6.2
191 silly idealTree +-- kind-of@3.0.4
191 silly idealTree +-- klaw@1.3.1
191 silly idealTree +-- latest-version@1.0.1
191 silly idealTree +-- lazy-cache@1.0.4
191 silly idealTree +-- lcid@1.0.0
191 silly idealTree +-- less
191 silly idealTree | +-- mime@1.3.4
191 silly idealTree | +-- minimist@0.0.8
191 silly idealTree | +-- mkdirp@0.5.1
191 silly idealTree | `-- source-map@0.5.6
191 silly idealTree +-- liftoff@2.3.0
191 silly idealTree +-- limiter@1.1.0
191 silly idealTree +-- load-json-file@1.1.0
191 silly idealTree +-- localtunnel@1.8.1
191 silly idealTree | `-- yargs@3.29.0
191 silly idealTree +-- lodash._baseassign@3.2.0
191 silly idealTree +-- lodash._basecopy@3.0.1
191 silly idealTree +-- lodash._basetostring@3.0.1
191 silly idealTree +-- lodash._basevalues@3.0.0
191 silly idealTree +-- lodash._bindcallback@3.0.1
191 silly idealTree +-- lodash._createassigner@3.1.1
191 silly idealTree +-- lodash._getnative@3.9.1
191 silly idealTree +-- lodash._isiterateecall@3.0.9
191 silly idealTree +-- lodash._reescape@3.0.0
191 silly idealTree +-- lodash._reevaluate@3.0.0
191 silly idealTree +-- lodash._reinterpolate@3.0.0
191 silly idealTree +-- lodash._root@3.0.1
191 silly idealTree +-- lodash.assign@3.2.0
191 silly idealTree +-- lodash.assignwith@4.2.0
191 silly idealTree +-- lodash.clone@4.5.0
191 silly idealTree +-- lodash.defaults@4.2.0
191 silly idealTree +-- lodash.escape@3.2.0
191 silly idealTree +-- lodash.flatten@4.4.0
191 silly idealTree +-- lodash.isarguments@3.1.0
191 silly idealTree +-- lodash.isarray@3.0.4
191 silly idealTree +-- lodash.isempty@4.4.0
191 silly idealTree +-- lodash.isplainobject@4.0.6
191 silly idealTree +-- lodash.isstring@4.0.1
191 silly idealTree +-- lodash.keys@3.1.2
191 silly idealTree +-- lodash.mapvalues@4.6.0
191 silly idealTree +-- lodash.merge@4.6.0
191 silly idealTree +-- lodash.partialright@4.2.1
191 silly idealTree +-- lodash.pick@4.4.0
191 silly idealTree +-- lodash.restparam@3.6.1
191 silly idealTree +-- lodash.template@3.6.2
191 silly idealTree +-- lodash.templatesettings@3.1.1
191 silly idealTree +-- lodash.uniq@4.5.0
191 silly idealTree +-- lodash@3.10.1
191 silly idealTree +-- longest@1.0.1
191 silly idealTree +-- loud-rejection@1.6.0
191 silly idealTree +-- lowercase-keys@1.0.0
191 silly idealTree +-- lru-cache@2.7.3
191 silly idealTree +-- map-cache@0.2.2
191 silly idealTree +-- map-obj@1.0.1
191 silly idealTree +-- map-stream@0.1.0
191 silly idealTree +-- media-typer@0.3.0
191 silly idealTree +-- meow@3.7.0
191 silly idealTree +-- merge-descriptors@1.0.1
191 silly idealTree +-- methods@1.1.2
191 silly idealTree +-- micromatch@2.3.11
191 silly idealTree +-- mime-db@1.24.0
191 silly idealTree +-- mime-types@2.1.12
191 silly idealTree +-- mime@1.2.4
191 silly idealTree +-- minimatch@3.0.3
191 silly idealTree +-- minimist@1.2.0
191 silly idealTree +-- mkdirp@0.3.0
191 silly idealTree +-- mongodb-core@2.0.13
191 silly idealTree | `-- bson@0.5.6
191 silly idealTree +-- mongodb@1.4.32
191 silly idealTree | +-- bson@0.2.22
191 silly idealTree | `-- readable-stream@2.2.2
191 silly idealTree +-- mongojs@0.18.2
191 silly idealTree | +-- isarray@0.0.1
191 silly idealTree | `-- readable-stream@1.1.14
191 silly idealTree +-- morgan@1.7.0
191 silly idealTree +-- ms@0.7.1
191 silly idealTree +-- multipipe@0.1.2
191 silly idealTree | +-- duplexer2@0.0.2
191 silly idealTree | +-- isarray@0.0.1
191 silly idealTree | `-- readable-stream@1.1.14
191 silly idealTree +-- nan@1.8.4
191 silly idealTree +-- natives@1.1.0
191 silly idealTree +-- negotiator@0.6.1
191 silly idealTree +-- nested-error-stacks@1.0.2
191 silly idealTree +-- node-uuid@1.4.7
191 silly idealTree +-- nodemon@1.11.0
191 silly idealTree | `-- lodash.defaults@3.1.2
191 silly idealTree +-- nopt@3.0.6
191 silly idealTree +-- normalize-package-data@2.3.5
191 silly idealTree +-- normalize-path@2.0.1
191 silly idealTree +-- number-is-nan@1.0.1
191 silly idealTree +-- oauth-sign@0.8.2
191 silly idealTree +-- object-assign@4.1.0
191 silly idealTree +-- object-component@0.0.3
191 silly idealTree +-- object-path@0.9.2
191 silly idealTree +-- object.omit@2.0.1
191 silly idealTree +-- on-finished@2.3.0
191 silly idealTree +-- on-headers@1.0.1
191 silly idealTree +-- once@1.4.0
191 silly idealTree +-- openurl@1.1.0
191 silly idealTree +-- opn@4.0.2
191 silly idealTree +-- options@0.0.6
191 silly idealTree +-- orchestrator@0.3.8
191 silly idealTree +-- ordered-read-streams@0.1.0
191 silly idealTree +-- os-homedir@1.0.2
191 silly idealTree +-- os-locale@1.4.0
191 silly idealTree +-- os-tmpdir@1.0.2
191 silly idealTree +-- osenv@0.1.3
191 silly idealTree +-- package-json@1.2.0
191 silly idealTree +-- parse-filepath@1.0.1
191 silly idealTree +-- parse-glob@3.0.4
191 silly idealTree +-- parse-json@2.2.0
191 silly idealTree +-- parse-mongo-url@1.1.1
191 silly idealTree +-- parsejson@0.0.1
191 silly idealTree +-- parseqs@0.0.2
191 silly idealTree +-- parseuri@0.0.4
191 silly idealTree +-- parseurl@1.3.1
191 silly idealTree +-- password-hash@1.2.2
191 silly idealTree +-- path-exists@2.1.0
191 silly idealTree +-- path-is-absolute@1.0.1
191 silly idealTree +-- path-root-regex@0.1.2
191 silly idealTree +-- path-root@0.1.1
191 silly idealTree +-- path-to-regexp@0.1.7
191 silly idealTree +-- path-type@1.1.0
191 silly idealTree +-- pause-stream@0.0.11
191 silly idealTree +-- pify@2.3.0
191 silly idealTree +-- pinkie-promise@2.0.1
191 silly idealTree +-- pinkie@2.0.4
191 silly idealTree +-- portscanner@1.0.0
191 silly idealTree | `-- async@0.1.15
191 silly idealTree +-- prepend-http@1.0.4
191 silly idealTree +-- preserve@0.2.0
191 silly idealTree +-- pretty-hrtime@1.0.3
191 silly idealTree +-- process-nextick-args@1.0.7
191 silly idealTree +-- promise@7.1.1
191 silly idealTree +-- proxy-addr@1.1.2
191 silly idealTree +-- prr@0.0.0
191 silly idealTree +-- ps-tree@1.1.0
191 silly idealTree +-- qs@6.2.1
191 silly idealTree +-- random-bytes@1.0.0
191 silly idealTree +-- randomatic@1.1.5
191 silly idealTree +-- range-parser@1.2.0
191 silly idealTree +-- raw-body@2.1.7
191 silly idealTree +-- rc@1.1.6
191 silly idealTree | `-- minimist@1.2.0
191 silly idealTree +-- read-all-stream@3.1.0
191 silly idealTree +-- read-pkg-up@1.0.1
191 silly idealTree +-- read-pkg@1.1.0
191 silly idealTree +-- readable-stream@2.2.2
191 silly idealTree +-- readdirp@2.1.0
191 silly idealTree +-- rechoir@0.6.2
191 silly idealTree +-- redent@1.0.0
191 silly idealTree +-- regex-cache@0.4.3
191 silly idealTree +-- registry-url@3.1.0
191 silly idealTree +-- repeat-element@1.1.2
191 silly idealTree +-- repeat-string@1.6.1
191 silly idealTree +-- repeating@2.0.1
191 silly idealTree +-- replace-ext@0.0.1
191 silly idealTree +-- request@2.65.0
191 silly idealTree | `-- qs@5.2.1
191 silly idealTree +-- require_optional@1.0.0
191 silly idealTree +-- require-directory@2.1.1
191 silly idealTree +-- require-main-filename@1.0.1
191 silly idealTree +-- requires-port@1.0.0
191 silly idealTree +-- resolve-dir@0.1.1
191 silly idealTree +-- resolve-from@2.0.0
191 silly idealTree +-- resolve@1.1.7
191 silly idealTree +-- resp-modifier@6.0.2
191 silly idealTree +-- right-align@0.1.3
191 silly idealTree +-- rimraf@2.5.4
191 silly idealTree +-- rx@4.1.0
191 silly idealTree +-- semver-diff@2.1.0
191 silly idealTree +-- semver@5.3.0
191 silly idealTree +-- send@0.14.1
191 silly idealTree | +-- http-errors@1.5.1
191 silly idealTree | `-- mime@1.3.4
191 silly idealTree +-- sequencify@0.0.7
191 silly idealTree +-- serve-index@1.8.0
191 silly idealTree | `-- http-errors@1.5.1
191 silly idealTree +-- serve-static@1.11.1
191 silly idealTree +-- server-destroy@1.0.1
191 silly idealTree +-- set-blocking@2.0.0
191 silly idealTree +-- set-immediate-shim@1.0.1
191 silly idealTree +-- setprototypeof@1.0.2
191 silly idealTree +-- sigmund@1.0.1
191 silly idealTree +-- signal-exit@3.0.1
191 silly idealTree +-- slide@1.1.6
191 silly idealTree +-- sntp@1.0.9
191 silly idealTree +-- socket.io-adapter@0.4.0
191 silly idealTree | +-- isarray@0.0.1
191 silly idealTree | `-- socket.io-parser@2.2.2
191 silly idealTree |   `-- debug@0.7.4
191 silly idealTree +-- socket.io-client@1.5.0
191 silly idealTree | `-- component-emitter@1.2.0
191 silly idealTree +-- socket.io-parser@2.2.6
191 silly idealTree | +-- isarray@0.0.1
191 silly idealTree | `-- json3@3.3.2
191 silly idealTree +-- socket.io@1.5.0
191 silly idealTree +-- source-map@0.4.4
191 silly idealTree +-- sparkles@1.0.0
191 silly idealTree +-- spdx-correct@1.0.2
191 silly idealTree +-- spdx-expression-parse@1.0.4
191 silly idealTree +-- spdx-license-ids@1.2.2
191 silly idealTree +-- split@0.3.3
191 silly idealTree +-- statuses@1.3.1
191 silly idealTree +-- stream-combiner@0.0.4
191 silly idealTree +-- stream-consume@0.1.0
191 silly idealTree +-- stream-shift@1.0.0
191 silly idealTree +-- stream-throttle@0.1.3
191 silly idealTree +-- string_decoder@0.10.31
191 silly idealTree +-- string-length@1.0.1
191 silly idealTree +-- string-width@1.0.2
191 silly idealTree +-- stringstream@0.0.5
191 silly idealTree +-- strip-ansi@3.0.1
191 silly idealTree +-- strip-bom@2.0.0
191 silly idealTree +-- strip-indent@1.0.1
191 silly idealTree +-- strip-json-comments@1.0.4
191 silly idealTree +-- supports-color@2.0.0
191 silly idealTree +-- tfunk@3.0.2
191 silly idealTree +-- through@2.3.8
191 silly idealTree +-- through2@2.0.1
191 silly idealTree | `-- readable-stream@2.0.6
191 silly idealTree +-- thunky@0.1.0
191 silly idealTree +-- tildify@1.2.0
191 silly idealTree +-- time-stamp@1.0.1
191 silly idealTree +-- timed-out@2.0.0
191 silly idealTree +-- to-array@0.1.4
191 silly idealTree +-- to-mongodb-core@2.0.0
191 silly idealTree +-- touch@1.0.0
191 silly idealTree | `-- nopt@1.0.10
191 silly idealTree +-- tough-cookie@2.2.2
191 silly idealTree +-- trim-newlines@1.0.0
191 silly idealTree +-- tunnel-agent@0.4.3
191 silly idealTree +-- type-is@1.6.13
191 silly idealTree +-- ua-parser-js@0.7.10
191 silly idealTree +-- uglify-js@2.7.4
191 silly idealTree | +-- async@0.2.10
191 silly idealTree | +-- cliui@2.1.0
191 silly idealTree | +-- source-map@0.5.6
191 silly idealTree | +-- window-size@0.1.0
191 silly idealTree | `-- yargs@3.10.0
191 silly idealTree +-- uglify-save-license@0.4.1
191 silly idealTree +-- uglify-to-browserify@1.0.2
191 silly idealTree +-- uid-safe@2.1.3
191 silly idealTree +-- ultron@1.0.2
191 silly idealTree +-- unc-path-regex@0.1.2
191 silly idealTree +-- undefsafe@0.0.3
191 silly idealTree +-- underscore@1.7.0
191 silly idealTree +-- unique-stream@1.0.0
191 silly idealTree +-- unpipe@1.0.0
191 silly idealTree +-- update-notifier@0.5.0
191 silly idealTree | `-- repeating@1.1.3
191 silly idealTree +-- user-home@1.1.1
191 silly idealTree +-- util-deprecate@1.0.2
191 silly idealTree +-- utils-merge@1.0.0
191 silly idealTree +-- uuid@2.0.3
191 silly idealTree +-- v8flags@2.0.11
191 silly idealTree +-- validate-npm-package-license@3.0.1
191 silly idealTree +-- validator@5.7.0
191 silly idealTree +-- vary@1.1.0
191 silly idealTree +-- vinyl-bufferstream@1.0.1
191 silly idealTree | +-- bufferstreams@1.0.1
191 silly idealTree | +-- isarray@0.0.1
191 silly idealTree | `-- readable-stream@1.1.14
191 silly idealTree +-- vinyl-fs@0.3.14
191 silly idealTree | +-- clone@0.2.0
191 silly idealTree | +-- glob-stream@3.1.18
191 silly idealTree | +-- glob@4.5.3
191 silly idealTree | +-- graceful-fs@3.0.11
191 silly idealTree | +-- isarray@0.0.1
191 silly idealTree | +-- minimatch@2.0.10
191 silly idealTree | +-- minimist@0.0.8
191 silly idealTree | +-- mkdirp@0.5.1
191 silly idealTree | +-- readable-stream@1.0.34
191 silly idealTree | +-- strip-bom@1.0.0
191 silly idealTree | +-- through2@0.6.5
191 silly idealTree | `-- vinyl@0.4.6
191 silly idealTree +-- vinyl-sourcemaps-apply@0.2.1
191 silly idealTree | `-- source-map@0.5.6
191 silly idealTree +-- vinyl@0.5.3
191 silly idealTree +-- weinre@2.0.0-pre-I0Z7U9OV
191 silly idealTree | +-- connect@1.9.2
191 silly idealTree | +-- express@2.5.11
191 silly idealTree | `-- qs@0.4.2
191 silly idealTree +-- when@3.7.7
191 silly idealTree +-- which-module@1.0.0
191 silly idealTree +-- which@1.2.12
191 silly idealTree +-- window-size@0.1.4
191 silly idealTree +-- wordwrap@0.0.2
191 silly idealTree +-- wrap-ansi@2.0.0
191 silly idealTree +-- wrappy@1.0.2
191 silly idealTree +-- write-file-atomic@1.2.0
191 silly idealTree +-- ws@1.1.1
191 silly idealTree +-- wtf-8@1.0.0
191 silly idealTree +-- xdg-basedir@2.0.0
191 silly idealTree +-- xmlhttprequest-ssl@1.5.1
191 silly idealTree +-- xtend@4.0.1
191 silly idealTree +-- y18n@3.2.1
191 silly idealTree +-- yargs-parser@4.0.2
191 silly idealTree | `-- camelcase@3.0.0
191 silly idealTree +-- yargs@6.0.0
191 silly idealTree | `-- window-size@0.2.0
191 silly idealTree `-- yeast@0.1.2
192 silly generateActionsToTake Starting
193 silly install generateActionsToTake
194 silly generateActionsToTake Finishing
195 silly diffTrees action count 3
196 silly diffTrees add nan@2.3.5
197 silly diffTrees add bindings@1.2.1
198 silly diffTrees add bcrypt@0.8.7
199 silly decomposeActions action count 24
200 silly decomposeActions fetch nan@2.3.5
201 silly decomposeActions extract nan@2.3.5
202 silly decomposeActions test nan@2.3.5
203 silly decomposeActions preinstall nan@2.3.5
204 silly decomposeActions build nan@2.3.5
205 silly decomposeActions install nan@2.3.5
206 silly decomposeActions postinstall nan@2.3.5
207 silly decomposeActions finalize nan@2.3.5
208 silly decomposeActions fetch bindings@1.2.1
209 silly decomposeActions extract bindings@1.2.1
210 silly decomposeActions test bindings@1.2.1
211 silly decomposeActions preinstall bindings@1.2.1
212 silly decomposeActions build bindings@1.2.1
213 silly decomposeActions install bindings@1.2.1
214 silly decomposeActions postinstall bindings@1.2.1
215 silly decomposeActions finalize bindings@1.2.1
216 silly decomposeActions fetch bcrypt@0.8.7
217 silly decomposeActions extract bcrypt@0.8.7
218 silly decomposeActions test bcrypt@0.8.7
219 silly decomposeActions preinstall bcrypt@0.8.7
220 silly decomposeActions build bcrypt@0.8.7
221 silly decomposeActions install bcrypt@0.8.7
222 silly decomposeActions postinstall bcrypt@0.8.7
223 silly decomposeActions finalize bcrypt@0.8.7
224 silly runTopLevelLifecycles Starting
225 silly install runPreinstallTopLevelLifecycles
226 silly preinstall sb-admin-2@3.3.7 C:\Users\Varun\Documents\GitHub\281-Team-Project-Mobile-Sensor-Cloud-IaaS-Emulation\sb-admin-2-93b85d0d
227 info lifecycle sb-admin-2@3.3.7~preinstall: sb-admin-2@3.3.7
228 silly lifecycle sb-admin-2@3.3.7~preinstall: no script for preinstall, continuing
229 silly executeActions Starting
230 silly install executeActions
231 silly doSerial global-install 0
232 silly doParallel fetch 3
233 verbose correctMkdir C:\Users\Varun\AppData\Roaming\npm-cache\_locks correctMkdir not in flight; initializing
234 verbose lock using C:\Users\Varun\AppData\Roaming\npm-cache\_locks\staging-beadd79762948c9d.lock for C:\Users\Varun\Documents\GitHub\281-Team-Project-Mobile-Sensor-Cloud-IaaS-Emulation\node_modules\.staging
235 silly doParallel extract 3
236 silly extract nan@2.3.5
237 silly extract bindings@1.2.1
238 silly extract bcrypt@0.8.7
239 verbose unbuild node_modules\.staging\nan-f587200b
240 verbose unbuild node_modules\.staging\bindings-705859d4
241 verbose unbuild node_modules\.staging\bcrypt-aad5727c
242 silly gentlyRm C:\Users\Varun\Documents\GitHub\281-Team-Project-Mobile-Sensor-Cloud-IaaS-Emulation\node_modules\.staging\bindings-705859d4 is being purged from base C:\Users\Varun\Documents\GitHub\281-Team-Project-Mobile-Sensor-Cloud-IaaS-Emulation
243 verbose gentlyRm don't care about contents; nuking C:\Users\Varun\Documents\GitHub\281-Team-Project-Mobile-Sensor-Cloud-IaaS-Emulation\node_modules\.staging\bindings-705859d4
244 silly gentlyRm C:\Users\Varun\Documents\GitHub\281-Team-Project-Mobile-Sensor-Cloud-IaaS-Emulation\node_modules\.staging\nan-f587200b is being purged from base C:\Users\Varun\Documents\GitHub\281-Team-Project-Mobile-Sensor-Cloud-IaaS-Emulation
245 verbose gentlyRm don't care about contents; nuking C:\Users\Varun\Documents\GitHub\281-Team-Project-Mobile-Sensor-Cloud-IaaS-Emulation\node_modules\.staging\nan-f587200b
246 verbose tar unpack C:\Users\Varun\AppData\Roaming\npm-cache\bindings\1.2.1\package.tgz
247 verbose tar unpacking to C:\Users\Varun\Documents\GitHub\281-Team-Project-Mobile-Sensor-Cloud-IaaS-Emulation\node_modules\.staging\bindings-705859d4
248 silly gentlyRm C:\Users\Varun\Documents\GitHub\281-Team-Project-Mobile-Sensor-Cloud-IaaS-Emulation\node_modules\.staging\bindings-705859d4 is being purged
249 verbose gentlyRm don't care about contents; nuking C:\Users\Varun\Documents\GitHub\281-Team-Project-Mobile-Sensor-Cloud-IaaS-Emulation\node_modules\.staging\bindings-705859d4
250 verbose tar unpack C:\Users\Varun\AppData\Roaming\npm-cache\nan\2.3.5\package.tgz
251 verbose tar unpacking to C:\Users\Varun\Documents\GitHub\281-Team-Project-Mobile-Sensor-Cloud-IaaS-Emulation\node_modules\.staging\nan-f587200b
252 silly gentlyRm C:\Users\Varun\Documents\GitHub\281-Team-Project-Mobile-Sensor-Cloud-IaaS-Emulation\node_modules\.staging\nan-f587200b is being purged
253 verbose gentlyRm don't care about contents; nuking C:\Users\Varun\Documents\GitHub\281-Team-Project-Mobile-Sensor-Cloud-IaaS-Emulation\node_modules\.staging\nan-f587200b
254 silly gentlyRm C:\Users\Varun\Documents\GitHub\281-Team-Project-Mobile-Sensor-Cloud-IaaS-Emulation\node_modules\.staging\bcrypt-aad5727c is being purged from base C:\Users\Varun\Documents\GitHub\281-Team-Project-Mobile-Sensor-Cloud-IaaS-Emulation
255 verbose gentlyRm don't care about contents; nuking C:\Users\Varun\Documents\GitHub\281-Team-Project-Mobile-Sensor-Cloud-IaaS-Emulation\node_modules\.staging\bcrypt-aad5727c
256 silly gunzTarPerm modes [ '777', '666' ]
257 silly gunzTarPerm modes [ '777', '666' ]
258 verbose tar unpack C:\Users\Varun\AppData\Roaming\npm-cache\bcrypt\0.8.7\package.tgz
259 verbose tar unpacking to C:\Users\Varun\Documents\GitHub\281-Team-Project-Mobile-Sensor-Cloud-IaaS-Emulation\node_modules\.staging\bcrypt-aad5727c
260 silly gentlyRm C:\Users\Varun\Documents\GitHub\281-Team-Project-Mobile-Sensor-Cloud-IaaS-Emulation\node_modules\.staging\bcrypt-aad5727c is being purged
261 verbose gentlyRm don't care about contents; nuking C:\Users\Varun\Documents\GitHub\281-Team-Project-Mobile-Sensor-Cloud-IaaS-Emulation\node_modules\.staging\bcrypt-aad5727c
262 silly gunzTarPerm modes [ '777', '666' ]
263 silly gunzTarPerm extractEntry package.json
264 silly gunzTarPerm modified mode [ 'package.json', 420, 438 ]
265 silly gunzTarPerm extractEntry package.json
266 silly gunzTarPerm modified mode [ 'package.json', 436, 438 ]
267 silly gunzTarPerm extractEntry package.json
268 silly gunzTarPerm modified mode [ 'package.json', 420, 438 ]
269 silly gunzTarPerm extractEntry README.md
270 silly gunzTarPerm modified mode [ 'README.md', 420, 438 ]
271 silly gunzTarPerm extractEntry bindings.js
272 silly gunzTarPerm modified mode [ 'bindings.js', 420, 438 ]
273 silly gunzTarPerm extractEntry README.md
274 silly gunzTarPerm modified mode [ 'README.md', 436, 438 ]
275 silly gunzTarPerm extractEntry include_dirs.js
276 silly gunzTarPerm modified mode [ 'include_dirs.js', 436, 438 ]
277 silly gunzTarPerm extractEntry .npmignore
278 silly gunzTarPerm modified mode [ '.npmignore', 420, 438 ]
279 silly gunzTarPerm extractEntry README.md
280 silly gunzTarPerm modified mode [ 'README.md', 420, 438 ]
281 silly gunzTarPerm extractEntry nan_converters.h
282 silly gunzTarPerm modified mode [ 'nan_converters.h', 436, 438 ]
283 silly gunzTarPerm extractEntry LICENSE.md
284 silly gunzTarPerm modified mode [ 'LICENSE.md', 436, 438 ]
285 silly gunzTarPerm extractEntry doc/node_misc.md
286 silly gunzTarPerm modified mode [ 'doc/node_misc.md', 436, 438 ]
287 silly gunzTarPerm extractEntry LICENSE
288 silly gunzTarPerm modified mode [ 'LICENSE', 420, 438 ]
289 silly gunzTarPerm extractEntry bcrypt.js
290 silly gunzTarPerm modified mode [ 'bcrypt.js', 420, 438 ]
291 silly gunzTarPerm extractEntry Makefile
292 silly gunzTarPerm modified mode [ 'Makefile', 420, 438 ]
293 silly gunzTarPerm extractEntry .travis.yml
294 silly gunzTarPerm modified mode [ '.travis.yml', 420, 438 ]
295 silly gunzTarPerm extractEntry CHANGELOG.md
296 silly gunzTarPerm modified mode [ 'CHANGELOG.md', 420, 438 ]
297 silly gunzTarPerm extractEntry binding.gyp
298 silly gunzTarPerm modified mode [ 'binding.gyp', 420, 438 ]
299 silly gunzTarPerm extractEntry examples/async_compare.js
300 silly gunzTarPerm modified mode [ 'examples/async_compare.js', 420, 438 ]
301 silly gunzTarPerm extractEntry examples/forever_gen_salt.js
302 silly gunzTarPerm modified mode [ 'examples/forever_gen_salt.js', 420, 438 ]
303 silly gunzTarPerm extractEntry test/async.js
304 silly gunzTarPerm modified mode [ 'test/async.js', 420, 438 ]
305 silly gunzTarPerm extractEntry test/repetitions.js
306 silly gunzTarPerm modified mode [ 'test/repetitions.js', 420, 438 ]
307 silly gunzTarPerm extractEntry test/sync.js
308 silly gunzTarPerm modified mode [ 'test/sync.js', 420, 438 ]
309 silly gunzTarPerm extractEntry ISSUE_TEMPLATE.md
310 silly gunzTarPerm modified mode [ 'ISSUE_TEMPLATE.md', 420, 438 ]
311 silly gunzTarPerm extractEntry src/bcrypt.cc
312 silly gunzTarPerm modified mode [ 'src/bcrypt.cc', 420, 438 ]
313 silly gunzTarPerm extractEntry src/bcrypt_node.cc
314 silly gunzTarPerm modified mode [ 'src/bcrypt_node.cc', 420, 438 ]
315 silly gunzTarPerm extractEntry src/blowfish.cc
316 silly gunzTarPerm modified mode [ 'src/blowfish.cc', 420, 438 ]
317 silly gunzTarPerm extractEntry src/node_blf.h
318 silly gunzTarPerm modified mode [ 'src/node_blf.h', 420, 438 ]
319 silly gunzTarPerm extractEntry werker.yml
320 silly gunzTarPerm modified mode [ 'werker.yml', 420, 438 ]
321 silly gunzTarPerm extractEntry doc/asyncworker.md
322 silly gunzTarPerm modified mode [ 'doc/asyncworker.md', 436, 438 ]
323 silly gunzTarPerm extractEntry doc/callback.md
324 silly gunzTarPerm modified mode [ 'doc/callback.md', 436, 438 ]
325 silly gunzTarPerm extractEntry doc/converters.md
326 silly gunzTarPerm modified mode [ 'doc/converters.md', 436, 438 ]
327 silly gunzTarPerm extractEntry doc/errors.md
328 silly gunzTarPerm modified mode [ 'doc/errors.md', 436, 438 ]
329 silly gunzTarPerm extractEntry doc/maybe_types.md
330 silly gunzTarPerm modified mode [ 'doc/maybe_types.md', 436, 438 ]
331 silly gunzTarPerm extractEntry doc/methods.md
332 silly gunzTarPerm modified mode [ 'doc/methods.md', 436, 438 ]
333 silly gunzTarPerm extractEntry doc/new.md
334 silly gunzTarPerm modified mode [ 'doc/new.md', 436, 438 ]
335 silly gentlyRm C:\Users\Varun\Documents\GitHub\281-Team-Project-Mobile-Sensor-Cloud-IaaS-Emulation\node_modules\.staging\bindings-705859d4\node_modules is being purged
336 verbose gentlyRm don't care about contents; nuking C:\Users\Varun\Documents\GitHub\281-Team-Project-Mobile-Sensor-Cloud-IaaS-Emulation\node_modules\.staging\bindings-705859d4\node_modules
337 silly gunzTarPerm extractEntry doc/buffers.md
338 silly gunzTarPerm modified mode [ 'doc/buffers.md', 436, 438 ]
339 silly gunzTarPerm extractEntry doc/object_wrappers.md
340 silly gunzTarPerm modified mode [ 'doc/object_wrappers.md', 436, 438 ]
341 silly gunzTarPerm extractEntry doc/persistent.md
342 silly gunzTarPerm modified mode [ 'doc/persistent.md', 436, 438 ]
343 silly gunzTarPerm extractEntry doc/scopes.md
344 silly gunzTarPerm modified mode [ 'doc/scopes.md', 436, 438 ]
345 silly gunzTarPerm extractEntry doc/script.md
346 silly gunzTarPerm modified mode [ 'doc/script.md', 436, 438 ]
347 silly gunzTarPerm extractEntry doc/string_bytes.md
348 silly gunzTarPerm modified mode [ 'doc/string_bytes.md', 436, 438 ]
349 silly gunzTarPerm extractEntry doc/v8_internals.md
350 silly gunzTarPerm modified mode [ 'doc/v8_internals.md', 436, 438 ]
351 silly gunzTarPerm extractEntry doc/v8_misc.md
352 silly gunzTarPerm modified mode [ 'doc/v8_misc.md', 436, 438 ]
353 silly gunzTarPerm extractEntry nan.h
354 silly gunzTarPerm modified mode [ 'nan.h', 436, 438 ]
355 silly gunzTarPerm extractEntry nan_callbacks.h
356 silly gunzTarPerm modified mode [ 'nan_callbacks.h', 436, 438 ]
357 silly gunzTarPerm extractEntry nan_callbacks_12_inl.h
358 silly gunzTarPerm modified mode [ 'nan_callbacks_12_inl.h', 436, 438 ]
359 silly gunzTarPerm extractEntry nan_callbacks_pre_12_inl.h
360 silly gunzTarPerm modified mode [ 'nan_callbacks_pre_12_inl.h', 436, 438 ]
361 silly gunzTarPerm extractEntry nan_converters_43_inl.h
362 silly gunzTarPerm modified mode [ 'nan_converters_43_inl.h', 436, 438 ]
363 silly gunzTarPerm extractEntry nan_converters_pre_43_inl.h
364 silly gunzTarPerm modified mode [ 'nan_converters_pre_43_inl.h', 436, 438 ]
365 silly gunzTarPerm extractEntry nan_implementation_12_inl.h
366 silly gunzTarPerm modified mode [ 'nan_implementation_12_inl.h', 436, 438 ]
367 silly gunzTarPerm extractEntry nan_implementation_pre_12_inl.h
368 silly gunzTarPerm modified mode [ 'nan_implementation_pre_12_inl.h', 436, 438 ]
369 silly gunzTarPerm extractEntry nan_maybe_43_inl.h
370 silly gunzTarPerm modified mode [ 'nan_maybe_43_inl.h', 436, 438 ]
371 silly gunzTarPerm extractEntry nan_maybe_pre_43_inl.h
372 silly gunzTarPerm modified mode [ 'nan_maybe_pre_43_inl.h', 436, 438 ]
373 silly gunzTarPerm extractEntry nan_new.h
374 silly gunzTarPerm modified mode [ 'nan_new.h', 436, 438 ]
375 silly gunzTarPerm extractEntry nan_object_wrap.h
376 silly gunzTarPerm modified mode [ 'nan_object_wrap.h', 436, 438 ]
377 silly gunzTarPerm extractEntry nan_persistent_12_inl.h
378 silly gunzTarPerm modified mode [ 'nan_persistent_12_inl.h', 436, 438 ]
379 silly gunzTarPerm extractEntry nan_persistent_pre_12_inl.h
380 silly gunzTarPerm modified mode [ 'nan_persistent_pre_12_inl.h', 436, 438 ]
381 silly gunzTarPerm extractEntry nan_string_bytes.h
382 silly gunzTarPerm modified mode [ 'nan_string_bytes.h', 436, 438 ]
383 silly gunzTarPerm extractEntry nan_typedarray_contents.h
384 silly gunzTarPerm modified mode [ 'nan_typedarray_contents.h', 436, 438 ]
385 silly gunzTarPerm extractEntry nan_weak.h
386 silly gunzTarPerm modified mode [ 'nan_weak.h', 436, 438 ]
387 silly gunzTarPerm extractEntry CHANGELOG.md
388 silly gunzTarPerm modified mode [ 'CHANGELOG.md', 436, 438 ]
389 silly gunzTarPerm extractEntry tools/package.json
390 silly gunzTarPerm modified mode [ 'tools/package.json', 436, 438 ]
391 silly gunzTarPerm extractEntry tools/README.md
392 silly gunzTarPerm modified mode [ 'tools/README.md', 436, 438 ]
393 silly gunzTarPerm extractEntry tools/1to2.js
394 silly gunzTarPerm modified mode [ 'tools/1to2.js', 509, 511 ]
395 silly gentlyRm C:\Users\Varun\Documents\GitHub\281-Team-Project-Mobile-Sensor-Cloud-IaaS-Emulation\node_modules\.staging\bcrypt-aad5727c\node_modules is being purged
396 verbose gentlyRm don't care about contents; nuking C:\Users\Varun\Documents\GitHub\281-Team-Project-Mobile-Sensor-Cloud-IaaS-Emulation\node_modules\.staging\bcrypt-aad5727c\node_modules
397 silly gentlyRm C:\Users\Varun\Documents\GitHub\281-Team-Project-Mobile-Sensor-Cloud-IaaS-Emulation\node_modules\.staging\nan-f587200b\node_modules is being purged
398 verbose gentlyRm don't care about contents; nuking C:\Users\Varun\Documents\GitHub\281-Team-Project-Mobile-Sensor-Cloud-IaaS-Emulation\node_modules\.staging\nan-f587200b\node_modules
399 silly doParallel preinstall 3
400 silly preinstall nan@2.3.5 C:\Users\Varun\Documents\GitHub\281-Team-Project-Mobile-Sensor-Cloud-IaaS-Emulation\node_modules\.staging\nan-f587200b
401 info lifecycle nan@2.3.5~preinstall: nan@2.3.5
402 silly preinstall bindings@1.2.1 C:\Users\Varun\Documents\GitHub\281-Team-Project-Mobile-Sensor-Cloud-IaaS-Emulation\node_modules\.staging\bindings-705859d4
403 info lifecycle bindings@1.2.1~preinstall: bindings@1.2.1
404 silly preinstall bcrypt@0.8.7 C:\Users\Varun\Documents\GitHub\281-Team-Project-Mobile-Sensor-Cloud-IaaS-Emulation\node_modules\.staging\bcrypt-aad5727c
405 info lifecycle bcrypt@0.8.7~preinstall: bcrypt@0.8.7
406 silly lifecycle nan@2.3.5~preinstall: no script for preinstall, continuing
407 silly lifecycle bindings@1.2.1~preinstall: no script for preinstall, continuing
408 silly lifecycle bcrypt@0.8.7~preinstall: no script for preinstall, continuing
409 silly doReverseSerial remove 0
410 silly doSerial move 0
411 silly doSerial finalize 3
412 silly finalize C:\Users\Varun\Documents\GitHub\281-Team-Project-Mobile-Sensor-Cloud-IaaS-Emulation\node_modules\bcrypt\node_modules\nan
413 silly finalize C:\Users\Varun\Documents\GitHub\281-Team-Project-Mobile-Sensor-Cloud-IaaS-Emulation\node_modules\bindings
414 silly finalize C:\Users\Varun\Documents\GitHub\281-Team-Project-Mobile-Sensor-Cloud-IaaS-Emulation\node_modules\bcrypt
415 silly doSerial build 3
416 silly build nan@2.3.5
417 info linkStuff nan@2.3.5
418 silly linkStuff nan@2.3.5 has C:\Users\Varun\Documents\GitHub\281-Team-Project-Mobile-Sensor-Cloud-IaaS-Emulation\node_modules\bcrypt\node_modules as its parent node_modules
419 verbose linkBins nan@2.3.5
420 verbose linkMans nan@2.3.5
421 silly build bindings@1.2.1
422 info linkStuff bindings@1.2.1
423 silly linkStuff bindings@1.2.1 has C:\Users\Varun\Documents\GitHub\281-Team-Project-Mobile-Sensor-Cloud-IaaS-Emulation\node_modules as its parent node_modules
424 verbose linkBins bindings@1.2.1
425 verbose linkMans bindings@1.2.1
426 silly build bcrypt@0.8.7
427 info linkStuff bcrypt@0.8.7
428 silly linkStuff bcrypt@0.8.7 has C:\Users\Varun\Documents\GitHub\281-Team-Project-Mobile-Sensor-Cloud-IaaS-Emulation\node_modules as its parent node_modules
429 verbose linkBins bcrypt@0.8.7
430 verbose linkMans bcrypt@0.8.7
431 silly doSerial global-link 0
432 silly doParallel update-linked 0
433 silly doSerial install 3
434 silly install nan@2.3.5 C:\Users\Varun\Documents\GitHub\281-Team-Project-Mobile-Sensor-Cloud-IaaS-Emulation\node_modules\.staging\nan-f587200b
435 info lifecycle nan@2.3.5~install: nan@2.3.5
436 silly lifecycle nan@2.3.5~install: no script for install, continuing
437 silly install bindings@1.2.1 C:\Users\Varun\Documents\GitHub\281-Team-Project-Mobile-Sensor-Cloud-IaaS-Emulation\node_modules\.staging\bindings-705859d4
438 info lifecycle bindings@1.2.1~install: bindings@1.2.1
439 silly lifecycle bindings@1.2.1~install: no script for install, continuing
440 silly install bcrypt@0.8.7 C:\Users\Varun\Documents\GitHub\281-Team-Project-Mobile-Sensor-Cloud-IaaS-Emulation\node_modules\.staging\bcrypt-aad5727c
441 info lifecycle bcrypt@0.8.7~install: bcrypt@0.8.7
442 verbose lifecycle bcrypt@0.8.7~install: unsafe-perm in lifecycle true
443 verbose lifecycle bcrypt@0.8.7~install: PATH: C:\Program Files\nodejs\node_modules\npm\bin\node-gyp-bin;C:\Users\Varun\Documents\GitHub\281-Team-Project-Mobile-Sensor-Cloud-IaaS-Emulation\node_modules\bcrypt\node_modules\.bin;C:\Users\Varun\Documents\GitHub\281-Team-Project-Mobile-Sensor-Cloud-IaaS-Emulation\node_modules\.bin;C:\Users\Varun\bin;C:\Program Files\Git\mingw64\bin;C:\Program Files\Git\usr\local\bin;C:\Program Files\Git\usr\bin;C:\Program Files\Git\usr\bin;C:\Program Files\Git\mingw64\bin;C:\Program Files\Git\usr\bin;C:\Users\Varun\bin;C:\Python27;C:\Python27\Scripts;C:\ProgramData\Oracle\Java\javapath;C:\Program Files (x86)\Intel\iCLS Client;C:\Program Files\Intel\iCLS Client;C:\Windows\system32;C:\Windows;C:\Windows\System32\Wbem;C:\Windows\System32\WindowsPowerShell\v1.0;C:\Program Files (x86)\MySQL\MySQL Server 5.1\bin;C:\Program Files (x86)\Skype\Phone;C:\Program Files\Intel\Intel(R) Management Engine Components\DAL;C:\Program Files\Intel\Intel(R) Management Engine Components\IPT;C:\Program Files (x86)\Intel\Intel(R) Management Engine Components\DAL;C:\Program Files (x86)\Intel\Intel(R) Management Engine Components\IPT;C:\Program Files (x86)\PuTTY;C:\Program Files (x86)\Google\Cloud SDK\google-cloud-sdk\bin;C:\Program Files\nodejs;C:\Program Files\Git\cmd;C:\Users\Varun\Anaconda2;C:\Users\Varun\Anaconda2\Scripts;C:\Users\Varun\Anaconda2\Library\bin;C:\Users\Varun\AppData\Local\Programs\Python\Python35-32\Scripts;C:\Users\Varun\AppData\Local\Programs\Python\Python35-32;C:\Users\Varun\AppData\Roaming\npm;C:\Program Files\Git\usr\bin\vendor_perl;C:\Program Files\Git\usr\bin\core_perl
444 verbose lifecycle bcrypt@0.8.7~install: CWD: C:\Users\Varun\Documents\GitHub\281-Team-Project-Mobile-Sensor-Cloud-IaaS-Emulation\node_modules\bcrypt
445 silly lifecycle bcrypt@0.8.7~install: Args: [ '/d /s /c', 'node-gyp rebuild' ]
446 silly lifecycle bcrypt@0.8.7~install: Returned: code: 1  signal: null
447 info lifecycle bcrypt@0.8.7~install: Failed to exec install script
448 verbose unlock done using C:\Users\Varun\AppData\Roaming\npm-cache\_locks\staging-beadd79762948c9d.lock for C:\Users\Varun\Documents\GitHub\281-Team-Project-Mobile-Sensor-Cloud-IaaS-Emulation\node_modules\.staging
449 silly rollbackFailedOptional Starting
450 silly rollbackFailedOptional Finishing
451 silly runTopLevelLifecycles Finishing
452 silly install printInstalled
453 warn optional SKIPPING OPTIONAL DEPENDENCY: fsevents@^1.0.0 (node_modules\chokidar\node_modules\fsevents):
454 warn notsup SKIPPING OPTIONAL DEPENDENCY: Unsupported platform for fsevents@1.0.15: wanted {"os":"darwin","arch":"any"} (current: {"os":"win32","arch":"x64"})
455 verbose notsup SKIPPING OPTIONAL DEPENDENCY: Valid OS:    darwin
455 verbose notsup SKIPPING OPTIONAL DEPENDENCY: Valid Arch:  any
455 verbose notsup SKIPPING OPTIONAL DEPENDENCY: Actual OS:   win32
455 verbose notsup SKIPPING OPTIONAL DEPENDENCY: Actual Arch: x64
456 warn enoent ENOENT: no such file or directory, open 'C:\Users\Varun\Documents\GitHub\281-Team-Project-Mobile-Sensor-Cloud-IaaS-Emulation\node_modules\bufferstreams\package.json'
457 verbose enoent ENOENT: no such file or directory, open 'C:\Users\Varun\Documents\GitHub\281-Team-Project-Mobile-Sensor-Cloud-IaaS-Emulation\node_modules\bufferstreams\package.json'
457 verbose enoent This is most likely not a problem with npm itself
457 verbose enoent and is related to npm not being able to find a file.
458 warn enoent ENOENT: no such file or directory, open 'C:\Users\Varun\Documents\GitHub\281-Team-Project-Mobile-Sensor-Cloud-IaaS-Emulation\node_modules\duplexer2\package.json'
459 verbose enoent ENOENT: no such file or directory, open 'C:\Users\Varun\Documents\GitHub\281-Team-Project-Mobile-Sensor-Cloud-IaaS-Emulation\node_modules\duplexer2\package.json'
459 verbose enoent This is most likely not a problem with npm itself
459 verbose enoent and is related to npm not being able to find a file.
460 warn enoent ENOENT: no such file or directory, open 'C:\Users\Varun\Documents\GitHub\281-Team-Project-Mobile-Sensor-Cloud-IaaS-Emulation\node_modules\clean-css\package.json'
461 verbose enoent ENOENT: no such file or directory, open 'C:\Users\Varun\Documents\GitHub\281-Team-Project-Mobile-Sensor-Cloud-IaaS-Emulation\node_modules\clean-css\package.json'
461 verbose enoent This is most likely not a problem with npm itself
461 verbose enoent and is related to npm not being able to find a file.
462 warn enoent ENOENT: no such file or directory, open 'C:\Users\Varun\Documents\GitHub\281-Team-Project-Mobile-Sensor-Cloud-IaaS-Emulation\node_modules\engine.io-parser\package.json'
463 verbose enoent ENOENT: no such file or directory, open 'C:\Users\Varun\Documents\GitHub\281-Team-Project-Mobile-Sensor-Cloud-IaaS-Emulation\node_modules\engine.io-parser\package.json'
463 verbose enoent This is most likely not a problem with npm itself
463 verbose enoent and is related to npm not being able to find a file.
464 warn enoent ENOENT: no such file or directory, open 'C:\Users\Varun\Documents\GitHub\281-Team-Project-Mobile-Sensor-Cloud-IaaS-Emulation\node_modules\glob-stream\package.json'
465 verbose enoent ENOENT: no such file or directory, open 'C:\Users\Varun\Documents\GitHub\281-Team-Project-Mobile-Sensor-Cloud-IaaS-Emulation\node_modules\glob-stream\package.json'
465 verbose enoent This is most likely not a problem with npm itself
465 verbose enoent and is related to npm not being able to find a file.
466 warn enoent ENOENT: no such file or directory, open 'C:\Users\Varun\Documents\GitHub\281-Team-Project-Mobile-Sensor-Cloud-IaaS-Emulation\node_modules\globule\package.json'
467 verbose enoent ENOENT: no such file or directory, open 'C:\Users\Varun\Documents\GitHub\281-Team-Project-Mobile-Sensor-Cloud-IaaS-Emulation\node_modules\globule\package.json'
467 verbose enoent This is most likely not a problem with npm itself
467 verbose enoent and is related to npm not being able to find a file.
468 warn enoent ENOENT: no such file or directory, open 'C:\Users\Varun\Documents\GitHub\281-Team-Project-Mobile-Sensor-Cloud-IaaS-Emulation\node_modules\gulp-util\package.json'
469 verbose enoent ENOENT: no such file or directory, open 'C:\Users\Varun\Documents\GitHub\281-Team-Project-Mobile-Sensor-Cloud-IaaS-Emulation\node_modules\gulp-util\package.json'
469 verbose enoent This is most likely not a problem with npm itself
469 verbose enoent and is related to npm not being able to find a file.
470 warn enoent ENOENT: no such file or directory, open 'C:\Users\Varun\Documents\GitHub\281-Team-Project-Mobile-Sensor-Cloud-IaaS-Emulation\node_modules\less\package.json'
471 verbose enoent ENOENT: no such file or directory, open 'C:\Users\Varun\Documents\GitHub\281-Team-Project-Mobile-Sensor-Cloud-IaaS-Emulation\node_modules\less\package.json'
471 verbose enoent This is most likely not a problem with npm itself
471 verbose enoent and is related to npm not being able to find a file.
472 warn sb-admin-2@3.3.7 license should be a valid SPDX license expression
473 verbose If you need help, you may report this error at:
473 verbose     <https://github.com/npm/npm/issues>
474 verbose stack Error: bcrypt@0.8.7 install: `node-gyp rebuild`
474 verbose stack Exit status 1
474 verbose stack     at EventEmitter.<anonymous> (C:\Program Files\nodejs\node_modules\npm\lib\utils\lifecycle.js:255:16)
474 verbose stack     at emitTwo (events.js:106:13)
474 verbose stack     at EventEmitter.emit (events.js:191:7)
474 verbose stack     at ChildProcess.<anonymous> (C:\Program Files\nodejs\node_modules\npm\lib\utils\spawn.js:40:14)
474 verbose stack     at emitTwo (events.js:106:13)
474 verbose stack     at ChildProcess.emit (events.js:191:7)
474 verbose stack     at maybeClose (internal/child_process.js:877:16)
474 verbose stack     at Process.ChildProcess._handle.onexit (internal/child_process.js:226:5)
475 verbose pkgid bcrypt@0.8.7
476 verbose cwd C:\Users\Varun\Documents\GitHub\281-Team-Project-Mobile-Sensor-Cloud-IaaS-Emulation
477 error Windows_NT 6.3.9600
478 error argv "C:\\Program Files\\nodejs\\node.exe" "C:\\Program Files\\nodejs\\node_modules\\npm\\bin\\npm-cli.js" "install"
479 error node v6.9.1
480 error npm  v3.10.8
481 error code ELIFECYCLE
482 error bcrypt@0.8.7 install: `node-gyp rebuild`
482 error Exit status 1
483 error Failed at the bcrypt@0.8.7 install script 'node-gyp rebuild'.
483 error Make sure you have the latest version of node.js and npm installed.
483 error If you do, this is most likely a problem with the bcrypt package,
483 error not with npm itself.
483 error Tell the author that this fails on your system:
483 error     node-gyp rebuild
483 error You can get information on how to open an issue for this project with:
483 error     npm bugs bcrypt
483 error Or if that isn't available, you can get their info via:
483 error     npm owner ls bcrypt
483 error There is likely additional logging output above.
484 verbose exit [ 1, true ]
